Invalid element: Fe
Invalid element in compound Fe(III)hydroxamate (id M_fe3hox_c), InChI: C9H18O6N3Fe
Invalid element: Fe
Invalid element in compound IscU with bound [4Fe-4S] cluster (id M_iscu_DASH_4fe4s_c), InChI: H4O2S10Fe4R
Invalid element: Cu
Invalid element in compound molybdopterin (id M_mpt_c), InChI: C10H10N5O6PS2Cu
Invalid element: Fe
Invalid element in compound coprogen (id M_cpgn_p), InChI: C35H52N6O13Fe
Invalid element: Ni
Invalid element in compound nickel (id M_ni2_p), InChI: Ni
Invalid element: R
Invalid element in compound L-Asparaginyl-tRNA(Asn) (id M_asntrna_c), InChI: C14H24N2O12PR2
Invalid element: Se
Invalid element in compound Selenate (id M_sel_e), InChI: O4Se
Invalid element: Cu
Invalid element in compound Cu2+ (id M_cu2_c), InChI: Cu
Invalid element: X
Invalid element in compound Oxidized thioredoxin (id M_trdox_c), InChI: X
Invalid element: R
Invalid element in compound (R)-3-Hydroxyoctanoyl-[acyl-carrier protein] (id M_3hoctACP_c), InChI: C19H35N2O9PRS
Invalid element: Se
Invalid element in compound Selenodiglutathione (id M_dgslnt_c), InChI: C20H30N6O12S2Se
Invalid element: Se
Invalid element in compound selenite (id M_slnt_c), InChI: O3Se
Invalid element: Ca
Invalid element in compound Calcium (id M_ca2_p), InChI: Ca
Invalid element: R
Invalid element in compound trans-Dodec-2-enoyl-[acyl-carrier protein] (id M_tddec2eACP_c), InChI: C23H41N2O8PRS
Invalid element: Fe
Invalid element in compound Fe(III)hydroxamate (id M_fe3hox_p), InChI: C9H18O6N3Fe
Invalid element: Fe
Invalid element in compound Protoheme (id M_pheme_e), InChI: C34H30FeN4O4
Invalid element: Fe
Invalid element in compound Ferrichrome (id M_fecrm_e), InChI: C27H42FeN9O12
Invalid element: R
Invalid element in compound cis-hexadec-9-enoyl-[acyl-carrier protein] (n-C16:1) (id M_hdeACP_c), InChI: C27H49N2O8PRS
Invalid element: Fe
Invalid element in compound coprogen (id M_cpgn_c), InChI: C35H52N6O13Fe
Invalid element: Z
Invalid element in compound Zinc (id M_zn2_c), InChI: Zn
Invalid element: R
Invalid element in compound tRNA(Lys) (id M_trnalys_c), InChI: R
Invalid element: R
Invalid element in compound 3-Oxotetradecanoyl-[acyl-carrier protein] (id M_3omrsACP_c), InChI: C25H45N2O9PRS
Invalid element: Cu
Invalid element in compound Cu2+ (id M_cu2_p), InChI: Cu
Invalid element: Mo
Invalid element in compound Molybdate (id M_mobd_e), InChI: MoO4
Invalid element: W
Invalid element in compound tungsten bispterin cofactor mono-guanine dinucleotide (id M_bwco1gdp_c), InChI: C30H32N15O20P3S4W
Invalid element: R
Invalid element in compound Acetyl-ACP (id M_acACP_c), InChI: C13H23N2O8PRS
Invalid element: Hg
Invalid element in compound Hg2+ (id M_hg2_p), InChI: Hg
Invalid element: Fe
Invalid element in compound ferroxamine (id M_feoxam_c), InChI: C25H46FeN6O8
Invalid element: R
Invalid element in compound tRNA(Asp) (id M_trnaasp_c), InChI: R
Invalid element: Mg
Invalid element in compound magnesium (id M_mg2_c), InChI: Mg
Invalid element: R
Invalid element in compound tRNA(Trp) (id M_trnatrp_c), InChI: R
Invalid element: R
Invalid element in compound Enoylpimeloyl-[acyl-carrier protein] methyl ester (id M_epmeACP_c), InChI: C19H31N2O10PRS
Invalid element: Fe
Invalid element in compound ferric 2,3-dihydroxybenzoylserine (id M_fe3dhbzs_p), InChI: C10H10NO6Fe
Invalid element: Mo
Invalid element in compound molybdopterin guanine dinucleotide (id M_mocogdp_c), InChI: C20H22N10O15P2S2Mo
Invalid element: R
Invalid element in compound cis-octadec-11-enoyl-[acyl-carrier protein] (n-C18:1) (id M_octeACP_c), InChI: C29H53N2O8PRS
Invalid element: Cu
Invalid element in compound Cu+ (id M_cu_c), InChI: Cu
Invalid element: R
Invalid element in compound L-Glutaminyl-tRNA(Gln) (id M_glntrna_c), InChI: C5H9N2O2R
Invalid element: R
Invalid element in compound trans-Hexadec-2-enoyl-[acyl-carrier protein] (id M_tpalm2eACP_c), InChI: C27H49N2O8PRS
Invalid element: M
Invalid element in compound Mn2+ (id M_mn2_p), InChI: Mn
Invalid element: R
Invalid element in compound L-Prolyl-tRNA(Pro) (id M_protrna_c), InChI: C5H8NOR
Invalid element: R
Invalid element in compound tRNA(Leu) (id M_trnaleu_c), InChI: R
Invalid element: X
Invalid element in compound periplasmic protein disulfide isomerase I (reduced) (id M_dsbard_p), InChI: XH2
Invalid element: R
Invalid element in compound L-Tyrosyl-tRNA(Tyr) (id M_tyrtrna_c), InChI: C9H10NO2R
Invalid element: Cu
Invalid element in compound Cu2+ (id M_cu2_e), InChI: Cu
Invalid element: R
Invalid element in compound Acetoacetyl-ACP (id M_actACP_c), InChI: C15H25N2O9PRS
Invalid element: R
Invalid element in compound 3-Oxohexanoyl-[acyl-carrier protein] (id M_3ohexACP_c), InChI: C17H29N2O9PRS
Invalid element: Cu
Invalid element in compound Cu+ (id M_cu_p), InChI: Cu
Invalid element: R
Invalid element in compound L-Threonyl-tRNA(Thr) (id M_thrtrna_c), InChI: C4H8NO2R
Invalid element: R
Invalid element in compound L-Glutamyl-tRNA(Glu) (id M_glutrna_c), InChI: C5H7NO3R
Invalid element: R
Invalid element in compound tRNA(Asn) (id M_trnaasn_c), InChI: C10H17O10PR2
Invalid element: W
Invalid element in compound tungsten bispterin cofactor (id M_bwco_c), InChI: C20H20N10O13P2S4W
Invalid element: R
Invalid element in compound L-Cysteinyl-tRNA(Cys) (id M_cystrna_c), InChI: C3H6NOSR
Invalid element: X
Invalid element in compound lipoprotein (id M_lpp_p), InChI: XC16H30O1
Invalid element: R
Invalid element in compound tRNA(Thr) (id M_trnathr_c), InChI: R
Invalid element: R
Invalid element in compound L-Methionyl-tRNA (Met) (id M_mettrna_c), InChI: C5H10NOSR
Invalid element: Hg
Invalid element in compound Hg2+ (id M_hg2_e), InChI: Hg
Invalid element: Ag
Invalid element in compound silver (id M_ag_e), InChI: Ag
Invalid element: Fe
Invalid element in compound Aerobactin (id M_arbtn_DASH_fe3_p), InChI: C22H33FeN4O13
Invalid element: Fe
Invalid element in compound ferric 2,3-dihydroxybenzoylserine (id M_fe3dhbzs_c), InChI: C10H10NO6Fe
Invalid element: Fe
Invalid element in compound IscU with two bound [2Fe-2S] clusters (id M_iscu_DASH_2fe2s2_c), InChI: O2S10Fe4R
Invalid element: R
Invalid element in compound 3-oxo-cis-vacc-11-enoyl-[acyl-carrier protein] (id M_3ocvac11eACP_c), InChI: C29H51N2O9PRS
Invalid element: R
Invalid element in compound SufSE with bound sulfur (id M_sufsesh_c), InChI: HS2R
Invalid element: R
Invalid element in compound tRNA(Val) (id M_trnaval_c), InChI: R
Invalid element: R
Invalid element in compound L-Histidyl-tRNA(His) (id M_histrna_c), InChI: C6H8N3OR
Invalid element: Fe
Invalid element in compound [2Fe-2S] iron-sulfur cluster (id M_2fe2s_c), InChI: S2Fe2
Invalid element: As
Invalid element in compound arsenate (id M_aso4_c), InChI: AsO4
Invalid element: Fe
Invalid element in compound Ferrichrome (id M_fecrm_c), InChI: C27H42FeN9O12
Invalid element: R
Invalid element in compound trans-3-cis-5-dodecenoyl-[acyl-carrier protein] (id M_t3c5ddeceACP_c), InChI: C23H39N2O8PRS
Invalid element: As
Invalid element in compound arsenite (id M_aso3_e), InChI: AsO3
Invalid element: R
Invalid element in compound 3-Oxododecanoyl-[acyl-carrier protein] (id M_3oddecACP_c), InChI: C23H41N2O9PRS
Invalid element: R
Invalid element in compound L-Phenylalanyl-tRNA(Phe) (id M_phetrna_c), InChI: C9H10NOR
Invalid element: Fe
Invalid element in compound Ferrichrome (id M_fecrm_p), InChI: C27H42FeN9O12
Invalid element: R
Invalid element in compound 3-Oxo-glutaryl-[acyl-carrier protein] methyl ester (id M_ogmeACP_c), InChI: C17H27N2O11PRS
Invalid element: R
Invalid element in compound Pimeloyl-[acyl-carrier protein] (id M_pimACP_c), InChI: C18H31N2O10PRS
Invalid element: Se
Invalid element in compound Selenate (id M_sel_c), InChI: O4Se
Invalid element: R
Invalid element in compound L-Leucyl-tRNA(Leu) (id M_leutrna_c), InChI: C6H12NOR
Invalid element: Fe
Invalid element in compound Aerobactin (id M_arbtn_DASH_fe3_c), InChI: C22H33FeN4O13
Invalid element: X
Invalid element in compound MoaD Protein with carboxylate (id M_moadcoo_c), InChI: C1O2X
Invalid element: R
Invalid element in compound cis-tetradec-7-enoyl-[acyl-carrier protein] (n-C14:1) (id M_tdeACP_c), InChI: C25H45N2O8PRS
Invalid element: R
Invalid element in compound SufBCD scaffold complex (id M_sufbcd_c), InChI: H8O2S6R
Invalid element: R
Invalid element in compound Octanoyl-ACP (n-C8:0ACP) (id M_ocACP_c), InChI: C19H35N2O8PRS
Invalid element: Cl
Invalid element in compound Chloramphenicol (id M_cm_p), InChI: C11H12Cl2N2O5
Invalid element: Co
Invalid element in compound Cobinamide (id M_cbi_p), InChI: C48H72CoN11O8
Invalid element: Mo
Invalid element in compound Molybdate (id M_mobd_p), InChI: MoO4
Invalid element: X
Invalid element in compound protein disulfide isomerase II (reduced) (id M_dsbcrd_p), InChI: XH2
Invalid element: R
Invalid element in compound L-Isoleucyl-tRNA(Ile) (id M_iletrna_c), InChI: C6H12NOR
Invalid element: R
Invalid element in compound L-Seryl-tRNA(Sec) (id M_sertrna_LSQBKT_sec_RSQBKT__c), InChI: C3H6NO2R
Invalid element: R
Invalid element in compound (R)-3-Hydroxydecanoyl-[acyl-carrier protein] (id M_3hdecACP_c), InChI: C21H39N2O9PRS
Invalid element: R
Invalid element in compound 3-Oxooctanoyl-[acyl-carrier protein] (id M_3ooctACP_c), InChI: C19H33N2O9PRS
Invalid element: Se
Invalid element in compound Glutathiolselenolate (id M_gslnt_c), InChI: C10H16N3O6SSe
Invalid element: Fe
Invalid element in compound Fe2+ (id M_fe2_e), InChI: Fe
Invalid element: Ca
Invalid element in compound Calcium (id M_ca2_c), InChI: Ca
Invalid element: R
Invalid element in compound tRNA(Gln) (id M_trnagln_c), InChI: R
Invalid element: Co
Invalid element in compound Cobinamide (id M_cbi_e), InChI: C48H72CoN11O8
Invalid element: Co
Invalid element in compound Co2+ (id M_cobalt2_c), InChI: Co
Invalid element: Se
Invalid element in compound selenite (id M_slnt_p), InChI: O3Se
Invalid element: Fe
Invalid element in compound [2Fe-1S] desulfurated iron-sulfur cluster (id M_2fe1s_c), InChI: SFe2
Invalid element: As
Invalid element in compound arsenite (id M_aso3_c), InChI: AsO3
Invalid element: R
Invalid element in compound trans-3-cis-11-vacceoyl-[acyl-carrier protein] (id M_t3c11vaceACP_c), InChI: C29H51N2O8PRS
Invalid element: R
Invalid element in compound tRNA(Tyr) (id M_trnatyr_c), InChI: R
Invalid element: Fe
Invalid element in compound coprogen (id M_cpgn_e), InChI: C35H52N6O13Fe
Invalid element: Fe
Invalid element in compound Protoheme (id M_pheme_c), InChI: C34H30FeN4O4
Invalid element: Mg
Invalid element in compound magnesium (id M_mg2_e), InChI: Mg
Invalid element: Se
Invalid element in compound L-Selenocysteinyl-tRNA(Sec) (id M_sectrna_c), InChI: C3H6NOSeR
Invalid element: R
Invalid element in compound (R)-3-hydroxy-cis-dodec-5-enoyl-[acyl-carrier protein] (id M_3hcddec5eACP_c), InChI: C23H41N2O9PRS
Invalid element: Cu
Invalid element in compound adenylated molybdopterin (id M_mptamp_c), InChI: C20H22N10O12P2S2Cu
Invalid element: Cl
Invalid element in compound Chloride (id M_cl_p), InChI: Cl
Invalid element: X
Invalid element in compound Reduced thioredoxin (id M_trdrd_c), InChI: XH2
Invalid element: R
Invalid element in compound Decanoyl-ACP (n-C10:0ACP) (id M_dcaACP_c), InChI: C21H39N2O8PRS
Invalid element: R
Invalid element in compound (R)-3-Hydroxyoctadecanoyl-[acyl-carrier protein] (id M_3hoctaACP_c), InChI: C29H55N2O9PRS
Invalid element: R
Invalid element in compound tRNA(Met) (id M_trnamet_c), InChI: R
Invalid element: Cl
Invalid element in compound Chloride (id M_cl_e), InChI: Cl
Invalid element: Fe
Invalid element in compound Heme O (id M_hemeO_c), InChI: C49H56FeN4O5
Invalid element: Cd
Invalid element in compound Cadmium (id M_cd2_c), InChI: Cd
Invalid element: X
Invalid element in compound MoaD Protein with bound AMP (id M_moadamp_c), InChI: C11H12N5O8P1X
Invalid element: R
Invalid element in compound L-Seryl-tRNA(Ser) (id M_sertrna_c), InChI: C3H6NO2R
Invalid element: R
Invalid element in compound Myristoyl-ACP (n-C14:0ACP) (id M_myrsACP_c), InChI: C25H47N2O8PRS
Invalid element: X
Invalid element in compound protein disulfide isomerase II (oxidized) (id M_dsbcox_p), InChI: X
Invalid element: Z
Invalid element in compound Zinc (id M_zn2_e), InChI: Zn
Invalid element: R
Invalid element in compound (R)-3-Hydroxydodecanoyl-[acyl-carrier protein] (id M_3hddecACP_c), InChI: C23H43N2O9PRS
Invalid element: R
Invalid element in compound tRNA(Cys) (id M_trnacys_c), InChI: R
Invalid element: Ca
Invalid element in compound Calcium (id M_ca2_e), InChI: Ca
Invalid element: W
Invalid element in compound tungsten bispterin cofactor guanine dinucleotide (id M_bwcogdp_c), InChI: C40H44N20O27P4S4W
Invalid element: R
Invalid element in compound apoprotein [acyl carrier protein] (id M_apoACP_c), InChI: RHO
Invalid element: R
Invalid element in compound Palmitoyl-ACP (n-C16:0ACP) (id M_palmACP_c), InChI: C27H51N2O8PRS
Invalid element: X
Invalid element in compound flavodoxin semi oxidized (id M_flxso_c), InChI: XH
Invalid element: R
Invalid element in compound tRNA(Gly) (id M_trnagly_c), InChI: R
Invalid element: Cd
Invalid element in compound Cadmium (id M_cd2_e), InChI: Cd
Invalid element: R
Invalid element in compound L-Tryptophanyl-tRNA(Trp) (id M_trptrna_c), InChI: C11H11N2OR
Invalid element: W
Invalid element in compound tungstate (id M_tungs_e), InChI: O4W1
Invalid element: Fe
Invalid element in compound Fe(III)dicitrate (id M_fe3dcit_e), InChI: C12H10FeO14
Invalid element: X
Invalid element in compound fused thiol:disulfide interchange protein (oxidized) (id M_dsbdox_c), InChI: X
Invalid element: Ag
Invalid element in compound silver (id M_ag_c), InChI: Ag
Invalid element: R
Invalid element in compound trans-3-cis-9-palmitoleoyl-[acyl-carrier protein] (id M_t3c9palmeACP_c), InChI: C27H47N2O8PRS
Invalid element: X
Invalid element in compound glutaredoxin (reduced) (id M_grxrd_c), InChI: XH2
Invalid element: R
Invalid element in compound Butyryl-ACP (n-C4:0ACP) (id M_butACP_c), InChI: C15H27N2O8PRS
Invalid element: R
Invalid element in compound (R)-3-hydroxy-cis-palm-9-eoyl-[acyl-carrier protein] (id M_3hcpalm9eACP_c), InChI: C27H49N2O9PRS
Invalid element: Se
Invalid element in compound selenite (id M_slnt_e), InChI: O3Se
Invalid element: Fe
Invalid element in compound Fe-enterobactin (id M_feenter_c), InChI: C30H27FeN3O15
Invalid element: Se
Invalid element in compound Selenophosphate (id M_selnp_c), InChI: H2O3PSe
Invalid element: R
Invalid element in compound tRNA(Pro) (id M_trnapro_c), InChI: R
Invalid element: R
Invalid element in compound cis-dec-3-enoyl-[acyl-carrier protein] (n-C10:1) (id M_cdec3eACP_c), InChI: C21H37N2O8PRS
Invalid element: Cd
Invalid element in compound Cadmium (id M_cd2_p), InChI: Cd
Invalid element: Co
Invalid element in compound Adenosyl cobinamide (id M_adocbi_c), InChI: C58H84CoN16O11
Invalid element: Fe
Invalid element in compound SufBCD with two bound [2Fe-2S] clusters (id M_sufbcd_DASH_2fe2s2_c), InChI: O2S10Fe4R
Invalid element: Fe
Invalid element in compound ferroxamine (id M_feoxam_e), InChI: C25H46FeN6O8
Invalid element: Hg
Invalid element in compound Hg2+ (id M_hg2_c), InChI: Hg
Invalid element: R
Invalid element in compound Glutaryl-[acyl-carrier protein] methyl ester (id M_gmeACP_c), InChI: C17H29N2O10PRS
Invalid element: K
Invalid element in compound potassium (id M_k_e), InChI: K
Invalid element: Mo
Invalid element in compound bis-molybdopterin mono-guanine dinucleotide (id M_bmoco1gdp_c), InChI: C30H32N15O20P3S4Mo
Invalid element: R
Invalid element in compound 3-oxo-cis-dodec-5-enoyl-[acyl-carrier protein] (id M_3ocddec5eACP_c), InChI: C23H39N2O9PRS
Invalid element: Fe
Invalid element in compound Fe2+ (id M_fe2_p), InChI: Fe
Invalid element: R
Invalid element in compound IscS with bound sulfur (id M_iscssh_c), InChI: HS2R
Invalid element: Mo
Invalid element in compound Molybdate (id M_mobd_c), InChI: MoO4
Invalid element: X
Invalid element in compound periplasmic disulfide isomerase/thiol-disulphide oxidase (reduced) (id M_dsbgrd_p), InChI: XH2
Invalid element: Na
Invalid element in compound Sodium (id M_na1_c), InChI: Na
Invalid element: R
Invalid element in compound trans-Tetradec-2-enoyl-[acyl-carrier protein] (id M_tmrs2eACP_c), InChI: C25H45N2O8PRS
Invalid element: R
Invalid element in compound L-Alanyl-tRNA(Ala) (id M_alatrna_c), InChI: C3H6NOR
Invalid element: Fe
Invalid element in compound Fe3+ (id M_fe3_e), InChI: Fe
Invalid element: X
Invalid element in compound glutaredoxin (oxidized) (id M_grxox_c), InChI: X
Invalid element: R
Invalid element in compound trans-3-cis-7-myristoleoyl-[acyl-carrier protein] (id M_t3c7mrseACP_c), InChI: C25H43N2O8PRS
Invalid element: As
Invalid element in compound arsenite (id M_aso3_p), InChI: AsO3
Invalid element: Mg
Invalid element in compound magnesium (id M_mg2_p), InChI: Mg
Invalid element: Se
Invalid element in compound Selenide (id M_seln_c), InChI: HSe
Invalid element: R
Invalid element in compound (R)-3-hydroxy-cis-myristol-7-eoyl-[acyl-carrier protein] (id M_3hcmrs7eACP_c), InChI: C25H45N2O9PRS
Invalid element: R
Invalid element in compound 3-Oxodecanoyl-[acyl-carrier protein] (id M_3odecACP_c), InChI: C21H37N2O9PRS
Invalid element: R
Invalid element in compound Pimeloyl-[acyl-carrier protein] methyl ester (id M_pmeACP_c), InChI: C19H33N2O10PRS
Invalid element: K
Invalid element in compound potassium (id M_k_c), InChI: K
Invalid element: R
Invalid element in compound L-Valyl-tRNA(Val) (id M_valtrna_c), InChI: C5H10NOR
Invalid element: R
Invalid element in compound R-3-hydroxypalmitoyl-[acyl-carrier protein] (id M_3hpalmACP_c), InChI: C27H51N2O9PRS
Invalid element: R
Invalid element in compound But-2-enoyl-[acyl-carrier protein] (id M_but2eACP_c), InChI: C15H25N2O8PRS
Invalid element: R
Invalid element in compound Glycyl-tRNA(Gly) (id M_glytrna_c), InChI: C2H4NOR
Invalid element: Co
Invalid element in compound Cob(I)alamin (id M_cbl1_p), InChI: C62H88CoN13O14P
Invalid element: Fe
Invalid element in compound Fe-enterobactin (id M_feenter_e), InChI: C30H27FeN3O15
Invalid element: Fe
Invalid element in compound SufBCD with bound [2Fe-2S] cluster (id M_sufbcd_DASH_2fe2s_c), InChI: H4O2S8Fe2R
Invalid element: R
Invalid element in compound Malonyl-[acyl-carrier protein] (id M_malACP_c), InChI: C14H22N2O10PRS
Invalid element: Co
Invalid element in compound Adenosylcobalamin (id M_adocbl_p), InChI: C72H100CoN18O17P
Invalid element: R
Invalid element in compound cis-dodec-5-enoyl-[acyl-carrier protein] (n-C12:1) (id M_cddec5eACP_c), InChI: C23H41N2O8PRS
Invalid element: R
Invalid element in compound tRNA(Phe) (id M_trnaphe_c), InChI: R
Invalid element: X
Invalid element in compound periplasmic disulfide isomerase/thiol-disulphide oxidase (oxidized) (id M_dsbgox_p), InChI: X
Invalid element: Cl
Invalid element in compound Chloramphenicol (id M_cm_e), InChI: C11H12Cl2N2O5
Invalid element: R
Invalid element in compound Hexanoyl-ACP (n-C6:0ACP) (id M_hexACP_c), InChI: C17H31N2O8PRS
Invalid element: Na
Invalid element in compound Sodium (id M_na1_e), InChI: Na
Invalid element: X
Invalid element in compound MoaD Protein with thiocarboxylate (id M_moadcosh_c), InChI: C1H1O1S1X
Invalid element: R
Invalid element in compound 3-Hydroxypimeloyl-[acyl-carrier protein] methyl ester (id M_hpmeACP_c), InChI: C19H33N2O11PRS
Invalid element: R
Invalid element in compound trans-Dec-2-enoyl-[acyl-carrier protein] (id M_tdec2eACP_c), InChI: C21H37N2O8PRS
Invalid element: R
Invalid element in compound IscS sulfur acceptor protein (id M_iscs_c), InChI: HSR
Invalid element: R
Invalid element in compound 3-Oxooctadecanoyl-[acyl-carrier protein] (id M_3ooctdACP_c), InChI: C29H53N2O9PRS
Invalid element: Mo
Invalid element in compound bis-molybdenum cofactor (id M_bmoco_c), InChI: C20H20N10O13P2S4Mo
Invalid element: R
Invalid element in compound acyl carrier protein (id M_ACP_c), InChI: C11H21N2O7PRS
Invalid element: R
Invalid element in compound tRNA (Glu) (id M_trnaglu_c), InChI: R
Invalid element: Co
Invalid element in compound Cob(I)alamin (id M_cbl1_e), InChI: C62H88CoN13O14P
Invalid element: X
Invalid element in compound Flavodoxin reduced (id M_flxr_c), InChI: XH
Invalid element: R
Invalid element in compound Dodecanoyl-ACP (n-C12:0ACP) (id M_ddcaACP_c), InChI: C23H43N2O8PRS
Invalid element: Fe
Invalid element in compound Siroheme (id M_sheme_c), InChI: C42H36FeN4O16
Invalid element: X
Invalid element in compound applipoprotein (id M_alpp_p), InChI: X
Invalid element: R
Invalid element in compound trans-octadec-2-enoyl-[acyl-carrier protein] (id M_toctd2eACP_c), InChI: C29H53N2O8PRS
Invalid element: R
Invalid element in compound (R)-3-Hydroxytetradecanoyl-[acyl-carrier protein] (id M_3hmrsACP_c), InChI: C25H47N2O9PRS
Invalid element: Co
Invalid element in compound Cob(I)alamin (id M_cbl1_c), InChI: C62H88CoN13O14P
Invalid element: R
Invalid element in compound tRNA(Ile) (id M_trnaile_c), InChI: R
Invalid element: Fe
Invalid element in compound Fe(III)dicitrate (id M_fe3dcit_p), InChI: C12H10FeO14
Invalid element: X
Invalid element in compound periplasmic protein disulfide isomerase I (oxidized) (id M_dsbaox_p), InChI: X
Invalid element: Fe
Invalid element in compound Fe(III)hydroxamate (id M_fe3hox_e), InChI: C9H18O6N3Fe
Invalid element: R
Invalid element in compound L-Lysine-tRNA (Lys) (id M_lystrna_c), InChI: C6H14N2OR
Invalid element: M
Invalid element in compound Mn2+ (id M_mn2_c), InChI: Mn
Invalid element: Cu
Invalid element in compound Cu+ (id M_cu_e), InChI: Cu
Invalid element: Fe
Invalid element in compound ferroxamine (id M_feoxam_p), InChI: C25H46FeN6O8
Invalid element: R
Invalid element in compound tRNA(Arg) (id M_trnaarg_c), InChI: R
Invalid element: Cl
Invalid element in compound Chloride (id M_cl_c), InChI: Cl
Invalid element: Se
Invalid element in compound Selenate (id M_sel_p), InChI: O4Se
Invalid element: Co
Invalid element in compound Adenosylcobalamin (id M_adocbl_e), InChI: C72H100CoN18O17P
Invalid element: Z
Invalid element in compound Zinc (id M_zn2_p), InChI: Zn
Invalid element: Ni
Invalid element in compound nickel (id M_ni2_c), InChI: Ni
Invalid element: R
Invalid element in compound SufSE sulfur acceptor complex (id M_sufse_c), InChI: HSR
Invalid element: Fe
Invalid element in compound Aerobactin (id M_arbtn_DASH_fe3_e), InChI: C22H33FeN4O13
Invalid element: Ni
Invalid element in compound nickel (id M_ni2_e), InChI: Ni
Invalid element: R
Invalid element in compound tRNA(Ser) (id M_trnaser_c), InChI: R
Invalid element: Co
Invalid element in compound Co2+ (id M_cobalt2_e), InChI: Co
Invalid element: Fe
Invalid element in compound Protoheme (id M_pheme_p), InChI: C34H30FeN4O4
Invalid element: R
Invalid element in compound (3R)-3-Hydroxyacyl-[acyl-carrier protein] (id M_3haACP_c), InChI: C15H27N2O9PRS
Invalid element: R
Invalid element in compound 3-oxo-cis-palm-9-eoyl-[acyl-carrier protein] (id M_3ocpalm9eACP_c), InChI: C27H47N2O9PRS
Invalid element: Co
Invalid element in compound Adenosylcobalamin (id M_adocbl_c), InChI: C72H100CoN18O17P
Invalid element: Mo
Invalid element in compound molybdopterin cytosine dinucleotide (id M_mococdp_c), InChI: C19H22N8O15P2S2Mo
Invalid element: R
Invalid element in compound trans-Hex-2-enoyl-[acyl-carrier protein] (id M_thex2eACP_c), InChI: C17H29N2O8PRS
Invalid element: Fe
Invalid element in compound Fe3+ (id M_fe3_c), InChI: Fe
Invalid element: Fe
Invalid element in compound IscU with bound [2Fe-2S] cluster (id M_iscu_DASH_2fe2s_c), InChI: H4O2S8Fe2R
Invalid element: W
Invalid element in compound tungstate (id M_tungs_c), InChI: O4W1
Invalid element: Co
Invalid element in compound Cobinamide (id M_cbi_c), InChI: C48H72CoN11O8
Invalid element: R
Invalid element in compound (R)-3-Hydroxyhexanoyl-[acyl-carrier protein] (id M_3hhexACP_c), InChI: C17H31N2O9PRS
Invalid element: R
Invalid element in compound 3-Oxohexadecanoyl-[acyl-carrier protein] (id M_3opalmACP_c), InChI: C27H49N2O9PRS
Invalid element: Fe
Invalid element in compound Fe3+ (id M_fe3_p), InChI: Fe
Invalid element: Fe
Invalid element in compound ferric 2,3-dihydroxybenzoylserine (id M_fe3dhbzs_e), InChI: C10H10NO6Fe
Invalid element: R
Invalid element in compound N-Formylmethionyl-tRNA (id M_fmettrna_c), InChI: C6H9NO2SR
Invalid element: R
Invalid element in compound tRNA(His) (id M_trnahis_c), InChI: R
Invalid element: X
Invalid element in compound fused thiol:disulfide interchange protein (reduced) (id M_dsbdrd_c), InChI: XH2
Invalid element: R
Invalid element in compound 3-Oxo-pimeloyl-[acyl-carrier protein] methyl ester (id M_opmeACP_c), InChI: C19H31N2O11PRS
Invalid element: M
Invalid element in compound Mn2+ (id M_mn2_e), InChI: Mn
Invalid element: R
Invalid element in compound (R)-3-hydroxy-cis-vacc-11-enoyl-[acyl-carrier protein] (id M_3hcvac11eACP_c), InChI: C29H53N2O9PRS
Invalid element: Co
Invalid element in compound Adenosine-GDP-cobinamide (id M_agdpcbi_c), InChI: C68H95CoN21O21P2
Invalid element: R
Invalid element in compound L-Aspartyl-tRNA(Asp) (id M_asptrna_c), InChI: C4H5NO3R
Invalid element: W
Invalid element in compound tungsten binding cofactor (id M_wco_c), InChI: C10H10N5O8PS2W
Invalid element: R
Invalid element in compound tRNA(Ala) (id M_trnaala_c), InChI: R
Invalid element: R
Invalid element in compound 3-Hydroxyglutaryl-[acyl-carrier protein] methyl ester (id M_hgmeACP_c), InChI: C17H29N2O11PRS
Invalid element: R
Invalid element in compound Octadecanoyl-ACP (n-C18:0ACP) (id M_ocdcaACP_c), InChI: C29H55N2O8PRS
Invalid element: R
Invalid element in compound tRNA(SeCys) (id M_trnasecys_c), InChI: R
Invalid element: Fe
Invalid element in compound [4Fe-4S] iron-sulfur cluster (id M_4fe4s_c), InChI: S4Fe4
Invalid element: Fe
Invalid element in compound Fe-enterobactin (id M_feenter_p), InChI: C30H27FeN3O15
Invalid element: R
Invalid element in compound Enoylglutaryl-[acyl-carrier protein] methyl ester (id M_egmeACP_c), InChI: C17H27N2O10PRS
Invalid element: Mo
Invalid element in compound molybdenum cofactor (id M_moco_c), InChI: C10H10N5O8PS2Mo
Invalid element: Fe
Invalid element in compound Fe2+ (id M_fe2_c), InChI: Fe
Invalid element: K
Invalid element in compound potassium (id M_k_p), InChI: K
Invalid element: R
Invalid element in compound IscU scaffold protein (id M_iscu_c), InChI: H8O2S6R
Invalid element: Co
Invalid element in compound Co2+ (id M_cobalt2_p), InChI: Co
Invalid element: Na
Invalid element in compound Sodium (id M_na1_p), InChI: Na
Invalid element: Fe
Invalid element in compound [3Fe-4S] damaged iron-sulfur cluster (id M_3fe4s_c), InChI: S4Fe3
Invalid element: R
Invalid element in compound 3-oxo-cis-myristol-7-eoyl-[acyl-carrier protein] (id M_3ocmrs7eACP_c), InChI: C25H43N2O9PRS
Invalid element: Co
Invalid element in compound Adenosyl cobinamide phosphate (id M_adocbip_c), InChI: C58H83CoN16O14P
Invalid element: R
Invalid element in compound L-Arginyl-tRNA(Arg) (id M_argtrna_c), InChI: C6H14N4OR
Invalid element: Fe
Invalid element in compound SufBCD with bound [4Fe-4S] cluster (id M_sufbcd_DASH_4fe4s_c), InChI: H4O2S10Fe4R
Invalid element: W
Invalid element in compound tungstate (id M_tungs_p), InChI: O4W1
Invalid element: Mo
Invalid element in compound bis-molybdopterin guanine dinucleotide (id M_bmocogdp_c), InChI: C40H44N20O27P4S4Mo
Invalid element: R
Invalid element in compound trans-Oct-2-enoyl-[acyl-carrier protein] (id M_toct2eACP_c), InChI: C19H33N2O8PRS
1805 compounds in the original network, 1543 have annotated mass with C,H,N,O,P,S (85.484764%).
1546 annotated compounds in 211655 classes, average of 5.635572 entries 
