# Ec_iJO1366
Unmodifiable transport/import/export reaction: R_EX_adocbl_LPAREN_e_RPAREN_
Unmodifiable reaction: R_UAG2E
Unmodifiable transport/import/export reaction: R_EX_fe3hox_DASH_un_LPAREN_e_RPAREN_
Unmodifiable transport/import/export reaction: R_HYXNtex
Unmodifiable transport/import/export reaction: R_ACACtex
Unmodifiable transport/import/export reaction: R_PE141abcpp
Unmodifiable transport/import/export reaction: R_EX_all_DASH_D_LPAREN_e_RPAREN_
Unmodifiable transport/import/export reaction: R_EX_ppal_LPAREN_e_RPAREN_
Unmodifiable transport/import/export reaction: R_DCYTtex
Unmodifiable transport/import/export reaction: R_XANtpp
Unmodifiable reaction: R_3HAD60
Unmodifiable transport/import/export reaction: R_EX_udpacgal_LPAREN_e_RPAREN_
Unmodifiable transport/import/export reaction: R_EX_cpgn_LPAREN_e_RPAREN_
Unmodifiable transport/import/export reaction: R_EX_26dap_DASH_M_LPAREN_e_RPAREN_
Unmodifiable transport/import/export reaction: R_G3PEtex
Unmodifiable transport/import/export reaction: R_GAL1Ptex
Unmodifiable transport/import/export reaction: R_ADOCBLabcpp
Unmodifiable transport/import/export reaction: R_PGP120abcpp
Unmodifiable reaction: R_EDTXS3
Unmodifiable reaction: R_EDTXS4
Unmodifiable transport/import/export reaction: R_RMNtpp
Unmodifiable transport/import/export reaction: R_DSERt2pp
Unmodifiable transport/import/export reaction: R_EX_pydam_LPAREN_e_RPAREN_
Unmodifiable transport/import/export reaction: R_CPGNtonex
Unmodifiable transport/import/export reaction: R_EX_tmao_LPAREN_e_RPAREN_
Unmodifiable transport/import/export reaction: R_EX_octa_LPAREN_e_RPAREN_
Unmodifiable transport/import/export reaction: R_2AGPE120tipp
Unmodifiable reaction: R_EDTXS1
Unmodifiable reaction: R_EDTXS2
Unmodifiable reaction: R_ASR
Unmodifiable transport/import/export reaction: R_NO3t7pp
WARNING: 2 duplicate reactions found: R_CYTDt2pp and R_CYTDt2rpp

Unmodifiable transport/import/export reaction: R_CYTDt2pp
Unmodifiable transport/import/export reaction: R_CYTBD2pp
WARNING: 2 duplicate reactions found: R_CYTDt2rpp and R_CYTDt2pp

Unmodifiable transport/import/export reaction: R_CYTDt2rpp
Unmodifiable transport/import/export reaction: R_G6Ptex
Unmodifiable transport/import/export reaction: R_EX_minohp_LPAREN_e_RPAREN_
Unmodifiable transport/import/export reaction: R_EX_skm_LPAREN_e_RPAREN_
Unmodifiable transport/import/export reaction: R_EX_gmp_LPAREN_e_RPAREN_
Unmodifiable transport/import/export reaction: R_EX_alltn_LPAREN_e_RPAREN_
Unmodifiable reaction: R_3HAD80
Unmodifiable transport/import/export reaction: R_GLYCLTt2rpp
Unmodifiable transport/import/export reaction: R_CGLYabcpp
Unmodifiable transport/import/export reaction: R_EX_galur_LPAREN_e_RPAREN_
Unmodifiable transport/import/export reaction: R_ACGAL1Ptex
Unmodifiable transport/import/export reaction: R_EX_hacolipa_LPAREN_e_RPAREN_
Unmodifiable transport/import/export reaction: R_23CCMPtex
Unmodifiable transport/import/export reaction: R_L_DASH_LACt2rpp
Unmodifiable transport/import/export reaction: R_CLt3_2pp
Unmodifiable transport/import/export reaction: R_EX_enter_LPAREN_e_RPAREN_
Unmodifiable transport/import/export reaction: R_EX_acser_LPAREN_e_RPAREN_
Unmodifiable transport/import/export reaction: R_LALALGLUtpp
Unmodifiable transport/import/export reaction: R_14GLUCANabcpp
Unmodifiable transport/import/export reaction: R_FRUtex
WARNING: 2 duplicate reactions found: R_URAt2rpp and R_URAt2pp

Unmodifiable transport/import/export reaction: R_URAt2rpp
Unmodifiable transport/import/export reaction: R_EX_chol_LPAREN_e_RPAREN_
Unmodifiable transport/import/export reaction: R_EX_damp_LPAREN_e_RPAREN_
Unmodifiable reaction: R_CRNCAR
Unmodifiable transport/import/export reaction: R_GALtex
Unmodifiable transport/import/export reaction: R_UDPGALtex
Unmodifiable transport/import/export reaction: R_INSTtex
Unmodifiable transport/import/export reaction: R_XMPtex
Unmodifiable reaction: R_3HAD40
Unmodifiable transport/import/export reaction: R_FDH4pp
Unmodifiable transport/import/export reaction: R_EX_pyr_LPAREN_e_RPAREN_
Unmodifiable transport/import/export reaction: R_BUTSO3tex
Unmodifiable transport/import/export reaction: R_GLYALDtex
Unmodifiable reaction: R_DSBDR
Unmodifiable transport/import/export reaction: R_VALabcpp
Unmodifiable transport/import/export reaction: R_EX_peamn_LPAREN_e_RPAREN_
Unmodifiable transport/import/export reaction: R_DHAtex
Unmodifiable transport/import/export reaction: R_EX_novbcn_LPAREN_e_RPAREN_
Unmodifiable transport/import/export reaction: R_EX_progly_LPAREN_e_RPAREN_
Unmodifiable transport/import/export reaction: R_CD2abcpp
Unmodifiable transport/import/export reaction: R_FORt2pp
Unmodifiable transport/import/export reaction: R_ORNtex
Unmodifiable transport/import/export reaction: R_FECRMUtpp
Unmodifiable transport/import/export reaction: R_PIuabcpp
Unmodifiable transport/import/export reaction: R_2AGPE181tipp
Unmodifiable transport/import/export reaction: R_O2tex
Unmodifiable transport/import/export reaction: R_EX_34dhpac_LPAREN_e_RPAREN_
Unmodifiable transport/import/export reaction: R_Kt3pp
Unmodifiable transport/import/export reaction: R_OCDCEAtexi
Unmodifiable transport/import/export reaction: R_CMtpp
Unmodifiable reaction: R_PMEACPE
Unmodifiable transport/import/export reaction: R_EX_tyr_DASH_L_LPAREN_e_RPAREN_
Unmodifiable transport/import/export reaction: R_MAN6Ptex
Unmodifiable transport/import/export reaction: R_DOXRBCNtpp
Unmodifiable transport/import/export reaction: R_EX_12ppd_DASH_R_LPAREN_e_RPAREN_
Unmodifiable transport/import/export reaction: R_ETHAt2pp
Unmodifiable reaction: R_ACOATA
Unmodifiable transport/import/export reaction: R_PPTtex
Unmodifiable transport/import/export reaction: R_FE2t3pp
Unmodifiable transport/import/export reaction: R_EX_etha_LPAREN_e_RPAREN_
Unmodifiable transport/import/export reaction: R_QUIN2tex
Unmodifiable transport/import/export reaction: R_EX_g6p_LPAREN_e_RPAREN_
Unmodifiable transport/import/export reaction: R_PROGLYabcpp
Unmodifiable reaction: R_COLIPAKpp
Unmodifiable transport/import/export reaction: R_N2Otpp
Unmodifiable transport/import/export reaction: R_PG140abcpp
Unmodifiable transport/import/export reaction: R_ZN2t3pp
Unmodifiable transport/import/export reaction: R_PG181abcpp
Unmodifiable reaction: R_DHNPTE
Unmodifiable transport/import/export reaction: R_EX_so2_LPAREN_e_RPAREN_
Unmodifiable transport/import/export reaction: R_HYXNtpp
Unmodifiable transport/import/export reaction: R_XANtex
Unmodifiable transport/import/export reaction: R_FRUpts2pp
Unmodifiable transport/import/export reaction: R_ILEtex
Unmodifiable transport/import/export reaction: R_RMNtex
Unmodifiable transport/import/export reaction: R_EX_glcr_LPAREN_e_RPAREN_
Unmodifiable transport/import/export reaction: R_METSOX2abcpp
Unmodifiable transport/import/export reaction: R_FACOAL140t2pp
Unmodifiable transport/import/export reaction: R_PPALtex
Unmodifiable transport/import/export reaction: R_PA181abcpp
Unmodifiable transport/import/export reaction: R_EX_xan_LPAREN_e_RPAREN_
Unmodifiable transport/import/export reaction: R_GLUt4pp
Unmodifiable transport/import/export reaction: R_ETHSO3abcpp
Unmodifiable transport/import/export reaction: R_EX_hxa_LPAREN_e_RPAREN_
Unmodifiable transport/import/export reaction: R_EX_slnt_LPAREN_e_RPAREN_
Unmodifiable transport/import/export reaction: R_EX_crn_LPAREN_e_RPAREN_
Unmodifiable transport/import/export reaction: R_12DGR161tipp
Unmodifiable transport/import/export reaction: R_EX_na1_LPAREN_e_RPAREN_
Unmodifiable transport/import/export reaction: R_2AGPA141tipp
Unmodifiable transport/import/export reaction: R_2AGPG141tipp
Unmodifiable transport/import/export reaction: R_GTHOXtex
Unmodifiable transport/import/export reaction: R_EX_arbtn_DASH_fe3_LPAREN_e_RPAREN_
Unmodifiable transport/import/export reaction: R_ARGtex
Unmodifiable reaction: R_PGLYCP
Unmodifiable transport/import/export reaction: R_EX_glyb_LPAREN_e_RPAREN_
Unmodifiable transport/import/export reaction: R_XYLUt2pp
Unmodifiable transport/import/export reaction: R_FACOAL120t2pp
Unmodifiable transport/import/export reaction: R_PPAt4pp
Unmodifiable transport/import/export reaction: R_GTPtex
Unmodifiable transport/import/export reaction: R_EX_sbt_DASH_D_LPAREN_e_RPAREN_
Unmodifiable reaction: R_PRAIi
Unmodifiable reaction: R_GRXR
Unmodifiable transport/import/export reaction: R_2AGPA161tipp
Unmodifiable transport/import/export reaction: R_LALALGLUtex
Unmodifiable transport/import/export reaction: R_URAtex
Unmodifiable transport/import/export reaction: R_EX_orn_LPAREN_e_RPAREN_
Unmodifiable transport/import/export reaction: R_SULabcpp
Unmodifiable transport/import/export reaction: R_ETHSO3tex
Unmodifiable transport/import/export reaction: R_O16AUNDtpp
WARNING: 2 duplicate reactions found: R_ICHORS and R_ICHORSi

Unmodifiable transport/import/export reaction: R_CYSDtex
Unmodifiable transport/import/export reaction: R_EX_dca_LPAREN_e_RPAREN_
Unmodifiable transport/import/export reaction: R_SPMDabcpp
Unmodifiable transport/import/export reaction: R_TMAOR1pp
Unmodifiable transport/import/export reaction: R_CYNTtex
Unmodifiable transport/import/export reaction: R_AGt3
Unmodifiable transport/import/export reaction: R_H2tpp
Unmodifiable transport/import/export reaction: R_SUCFUMtpp
Unmodifiable transport/import/export reaction: R_EX_acnam_LPAREN_e_RPAREN_
Unmodifiable reaction: R_LA4NTpp
Unmodifiable transport/import/export reaction: R_ACNAMt2pp
Unmodifiable transport/import/export reaction: R_GSNtex
Unmodifiable transport/import/export reaction: R_EX_3hcinnm_LPAREN_e_RPAREN_
WARNING: 2 duplicate reactions found: R_ASPt2pp and R_ASPt2rpp

Unmodifiable transport/import/export reaction: R_ASPt2pp
Unmodifiable transport/import/export reaction: R_TSULabcpp
Unmodifiable transport/import/export reaction: R_NTRIR3pp
Unmodifiable transport/import/export reaction: R_2AGPE140tipp
Unmodifiable transport/import/export reaction: R_CYNTt2pp
Unmodifiable transport/import/export reaction: R_EX_fe3dcit_LPAREN_e_RPAREN_
Unmodifiable transport/import/export reaction: R_EX_pro_DASH_L_LPAREN_e_RPAREN_
Unmodifiable transport/import/export reaction: R_PG120abcpp
Unmodifiable transport/import/export reaction: R_EX_maltpt_LPAREN_e_RPAREN_
Unmodifiable transport/import/export reaction: R_EX_dad_DASH_2_LPAREN_e_RPAREN_
WARNING: 2 duplicate reactions found: R_ALAt2pp and R_ALAt2rpp

Unmodifiable transport/import/export reaction: R_ALAt2pp
Unmodifiable transport/import/export reaction: R_EX_23camp_LPAREN_e_RPAREN_
Unmodifiable transport/import/export reaction: R_CYSabc2pp
Unmodifiable transport/import/export reaction: R_GLYC3Pabcpp
Unmodifiable transport/import/export reaction: R_METSOX1tex
Unmodifiable transport/import/export reaction: R_LIPOt2pp
Unmodifiable transport/import/export reaction: R_N2Otex
Unmodifiable transport/import/export reaction: R_EX_pser_DASH_L_LPAREN_e_RPAREN_
Unmodifiable transport/import/export reaction: R_MALTHXabcpp
Unmodifiable transport/import/export reaction: R_EX_acolipa_LPAREN_e_RPAREN_
Unmodifiable transport/import/export reaction: R_DM_AACALD
Unmodifiable transport/import/export reaction: R_GALCTt2rpp
Unmodifiable transport/import/export reaction: R_EX_butso3_LPAREN_e_RPAREN_
Unmodifiable transport/import/export reaction: R_EX_feoxam_DASH_un_LPAREN_e_RPAREN_
Unmodifiable transport/import/export reaction: R_TMAOtex
Unmodifiable transport/import/export reaction: R_UACGAMtex
Unmodifiable transport/import/export reaction: R_FECRMUtex
Unmodifiable transport/import/export reaction: R_26DAHtex
Unmodifiable transport/import/export reaction: R_PEAMNtex
Unmodifiable reaction: R_AGMHE
Unmodifiable transport/import/export reaction: R_IDONtex
Unmodifiable transport/import/export reaction: R_MPTG
Unmodifiable transport/import/export reaction: R_EX_cl_LPAREN_e_RPAREN_
Unmodifiable transport/import/export reaction: R_Ktex
Unmodifiable transport/import/export reaction: R_ADEt2rpp
Unmodifiable transport/import/export reaction: R_GTHRDtex
Unmodifiable transport/import/export reaction: R_PE180abcpp
Unmodifiable transport/import/export reaction: R_ALAabcpp
Unmodifiable transport/import/export reaction: R_GTHRDabcpp
Unmodifiable transport/import/export reaction: R_ACMANAptspp
Unmodifiable transport/import/export reaction: R_EX_arbtn_LPAREN_e_RPAREN_
Unmodifiable transport/import/export reaction: R_ADOCBLtonex
Unmodifiable transport/import/export reaction: R_ECAtpp
Unmodifiable transport/import/export reaction: R_EX_ag_LPAREN_e_RPAREN_
Unmodifiable transport/import/export reaction: R_SELtpp
Unmodifiable transport/import/export reaction: R_ASPtex
Unmodifiable transport/import/export reaction: R_DAPabcpp
Unmodifiable transport/import/export reaction: R_ADEtex
Unmodifiable transport/import/export reaction: R_URItex
Unmodifiable transport/import/export reaction: R_CRNDabcpp
Unmodifiable transport/import/export reaction: R_COBALT2tex
Unmodifiable transport/import/export reaction: R_G3PItex
Unmodifiable transport/import/export reaction: R_PGP181abcpp
Unmodifiable transport/import/export reaction: R_MALTPTtexi
Unmodifiable reaction: R_HBZOPT
Unmodifiable transport/import/export reaction: R_EX_doxrbcn_LPAREN_e_RPAREN_
Unmodifiable transport/import/export reaction: R_EX_succ_LPAREN_e_RPAREN_
Unmodifiable reaction: R_OGMEACPD
Unmodifiable transport/import/export reaction: R_EX_r5p_LPAREN_e_RPAREN_
Unmodifiable transport/import/export reaction: R_GAM6Pt6_2pp
Unmodifiable transport/import/export reaction: R_PG161abcpp
Unmodifiable transport/import/export reaction: R_GLYBtex
Unmodifiable transport/import/export reaction: R_EX_tsul_LPAREN_e_RPAREN_
Unmodifiable transport/import/export reaction: R_EX_malt_LPAREN_e_RPAREN_
Unmodifiable transport/import/export reaction: R_EX_h2o2_LPAREN_e_RPAREN_
Unmodifiable transport/import/export reaction: R_CMtex
Unmodifiable transport/import/export reaction: R_FACOAL100t2pp
Unmodifiable transport/import/export reaction: R_2AGPA181tipp
Unmodifiable transport/import/export reaction: R_SKMtex
Unmodifiable transport/import/export reaction: R_EX_hg2_LPAREN_e_RPAREN_
Unmodifiable transport/import/export reaction: R_NMNtex
Unmodifiable transport/import/export reaction: R_O2tpp
Unmodifiable transport/import/export reaction: R_12DGR141tipp
Unmodifiable transport/import/export reaction: R_TTRCYCtex
Unmodifiable transport/import/export reaction: R_TAURtex
Unmodifiable transport/import/export reaction: R_LIPACabcpp
Unmodifiable transport/import/export reaction: R_DM_MTHTHF
Unmodifiable transport/import/export reaction: R_DSERtex
Unmodifiable transport/import/export reaction: R_SLNTtpp
Unmodifiable transport/import/export reaction: R_MELIBtex
Unmodifiable transport/import/export reaction: R_ENLIPAabctex
Unmodifiable transport/import/export reaction: R_CBL1tonex
Unmodifiable transport/import/export reaction: R_INDOLEtex
Unmodifiable transport/import/export reaction: R_SELtex
Unmodifiable transport/import/export reaction: R_EX_acac_LPAREN_e_RPAREN_
Unmodifiable transport/import/export reaction: R_GALCTNt2pp
Unmodifiable transport/import/export reaction: R_CHLt2pp
Unmodifiable transport/import/export reaction: R_THRt4pp
Unmodifiable transport/import/export reaction: R_MOBDabcpp
Unmodifiable transport/import/export reaction: R_DAPtex
Unmodifiable transport/import/export reaction: R_HYD1pp
Unmodifiable transport/import/export reaction: R_ARGabcpp
Unmodifiable transport/import/export reaction: R_DGMPtex
Unmodifiable transport/import/export reaction: R_H2tex
Unmodifiable transport/import/export reaction: R_SUCRtex
Unmodifiable transport/import/export reaction: R_FE3abcpp
Unmodifiable transport/import/export reaction: R_MNLptspp
Unmodifiable transport/import/export reaction: R_NMNPtpp
Unmodifiable transport/import/export reaction: R_EX_glyald_LPAREN_e_RPAREN_
Unmodifiable transport/import/export reaction: R_THRt2rpp
Unmodifiable transport/import/export reaction: R_DINStex
Unmodifiable transport/import/export reaction: R_PHEt2rpp
Unmodifiable reaction: R_FEENTERexs
Unmodifiable transport/import/export reaction: R_GLYALDtpp
Unmodifiable transport/import/export reaction: R_EX_dopa_LPAREN_e_RPAREN_
Unmodifiable reaction: R_CLPNS180pp
Unmodifiable transport/import/export reaction: R_PGP161abcpp
Unmodifiable reaction: R_MALCOAMT
Unmodifiable transport/import/export reaction: R_EX_malttr_LPAREN_e_RPAREN_
Unmodifiable transport/import/export reaction: R_EX_ocdca_LPAREN_e_RPAREN_
Unmodifiable transport/import/export reaction: R_EX_h2_LPAREN_e_RPAREN_
Unmodifiable transport/import/export reaction: R_4HOXPACDtex
Unmodifiable transport/import/export reaction: R_CMPtex
Unmodifiable transport/import/export reaction: R_QUIN2tpp
Unmodifiable transport/import/export reaction: R_NO3R2bpp
Unmodifiable transport/import/export reaction: R_EX_gam6p_LPAREN_e_RPAREN_
Unmodifiable transport/import/export reaction: R_BUTSO3abcpp
Unmodifiable transport/import/export reaction: R_DALAtex
Unmodifiable transport/import/export reaction: R_DSBAO2
Unmodifiable transport/import/export reaction: R_DSBAO1
Unmodifiable transport/import/export reaction: R_GLCURtex
Unmodifiable transport/import/export reaction: R_EX_f6p_LPAREN_e_RPAREN_
Unmodifiable transport/import/export reaction: R_O16A4COLIPAabctex
Unmodifiable transport/import/export reaction: R_TAURabcpp
Unmodifiable transport/import/export reaction: R_EX_3gmp_LPAREN_e_RPAREN_
Unmodifiable transport/import/export reaction: R_EX_ser_DASH_L_LPAREN_e_RPAREN_
Unmodifiable reaction: R_DAPE
Unmodifiable transport/import/export reaction: R_NADH18pp
Unmodifiable reaction: R_ORPT
Unmodifiable transport/import/export reaction: R_EX_mobd_LPAREN_e_RPAREN_
Unmodifiable transport/import/export reaction: R_CA2t3pp
Unmodifiable transport/import/export reaction: R_PE120abcpp
Unmodifiable transport/import/export reaction: R_TUNGSabcpp
Unmodifiable reaction: R_PETNT181pp
Unmodifiable transport/import/export reaction: R_BALAtex
Unmodifiable transport/import/export reaction: R_CRNt2rpp
Unmodifiable transport/import/export reaction: R_EX_ascb_DASH_L_LPAREN_e_RPAREN_
Unmodifiable transport/import/export reaction: R_ACSERtpp
Unmodifiable reaction: R_CPGNexs
Unmodifiable transport/import/export reaction: R_DUMPtex
Unmodifiable transport/import/export reaction: R_ANHGMtex
Unmodifiable reaction: R_GSPMDA
Unmodifiable transport/import/export reaction: R_MAN6Pt6_2pp
Unmodifiable transport/import/export reaction: R_EX_tre_LPAREN_e_RPAREN_
Unmodifiable transport/import/export reaction: R_EX_h2o_LPAREN_e_RPAREN_
Unmodifiable transport/import/export reaction: R_CAt6pp
Unmodifiable transport/import/export reaction: R_UMPtex
Unmodifiable transport/import/export reaction: R_EX_zn2_LPAREN_e_RPAREN_
Unmodifiable transport/import/export reaction: R_EX_ethso3_LPAREN_e_RPAREN_
Unmodifiable transport/import/export reaction: R_23CUMPtex
Unmodifiable transport/import/export reaction: R_EX_LalaLglu_LPAREN_e_RPAREN_
Unmodifiable transport/import/export reaction: R_METDtex
Unmodifiable transport/import/export reaction: R_EX_no_LPAREN_e_RPAREN_
Unmodifiable transport/import/export reaction: R_Kabcpp
Unmodifiable transport/import/export reaction: R_MANptspp
Unmodifiable transport/import/export reaction: R_CRNtex
Unmodifiable transport/import/export reaction: R_PGP141abcpp
Unmodifiable transport/import/export reaction: R_EX_lipa_cold_LPAREN_e_RPAREN_
Unmodifiable transport/import/export reaction: R_EX_acgam1p_LPAREN_e_RPAREN_
Unmodifiable transport/import/export reaction: R_SO4t2pp
Unmodifiable reaction: R_PRMICI
Unmodifiable reaction: R_LPLIPAL2ATG141
Unmodifiable transport/import/export reaction: R_2AGPE160tipp
Unmodifiable transport/import/export reaction: R_EX_metsox_DASH_S_DASH_L_LPAREN_e_RPAREN_
Unmodifiable transport/import/export reaction: R_ASNt2rpp
Unmodifiable transport/import/export reaction: R_EX_ocdcea_LPAREN_e_RPAREN_
Unmodifiable transport/import/export reaction: R_EX_galt_LPAREN_e_RPAREN_
Unmodifiable transport/import/export reaction: R_COLIPAabcpp
Unmodifiable transport/import/export reaction: R_FACOAL161t2pp
Unmodifiable transport/import/export reaction: R_RIBtex
Unmodifiable transport/import/export reaction: R_LYSt2pp
Unmodifiable transport/import/export reaction: R_DDCAtexi
Unmodifiable transport/import/export reaction: R_SUCASPtpp
Unmodifiable transport/import/export reaction: R_EX_chtbs_LPAREN_e_RPAREN_
Unmodifiable transport/import/export reaction: R_EX_xyl_DASH_D_LPAREN_e_RPAREN_
Unmodifiable transport/import/export reaction: R_EX_gbbtn_LPAREN_e_RPAREN_
Unmodifiable transport/import/export reaction: R_TSULtex
Unmodifiable transport/import/export reaction: R_XYLt2pp
Unmodifiable transport/import/export reaction: R_EX_ca2_LPAREN_e_RPAREN_
Unmodifiable transport/import/export reaction: R_EX_mincyc_LPAREN_e_RPAREN_
Unmodifiable transport/import/export reaction: R_EX_frulys_LPAREN_e_RPAREN_
Unmodifiable transport/import/export reaction: R_EX_tyrp_LPAREN_e_RPAREN_
Unmodifiable transport/import/export reaction: R_PTRCt2pp
Unmodifiable transport/import/export reaction: R_CSNt2pp
Unmodifiable transport/import/export reaction: R_ACGAptspp
Unmodifiable reaction: R_MLTGY3pp
Unmodifiable transport/import/export reaction: R_FUMt2_2pp
Unmodifiable transport/import/export reaction: R_EX_dcyt_LPAREN_e_RPAREN_
Unmodifiable transport/import/export reaction: R_METabcpp
Unmodifiable transport/import/export reaction: R_HG2t3pp
Unmodifiable transport/import/export reaction: R_EX_dms_LPAREN_e_RPAREN_
Unmodifiable reaction: R_PETNT161pp
Unmodifiable reaction: R_UPP3S
Unmodifiable reaction: R_GLDBRAN2
Unmodifiable transport/import/export reaction: R_THRabcpp
Unmodifiable transport/import/export reaction: R_EX_kdo2lipid4_LPAREN_e_RPAREN_
Unmodifiable transport/import/export reaction: R_ASPt2_3pp
Unmodifiable transport/import/export reaction: R_NAt3_1p5pp
Unmodifiable transport/import/export reaction: R_EX_inost_LPAREN_e_RPAREN_
WARNING: 2 duplicate reactions found: R_INSt2pp and R_INSt2rpp

Unmodifiable transport/import/export reaction: R_INSt2pp
Unmodifiable transport/import/export reaction: R_RFAMPtpp
Unmodifiable transport/import/export reaction: R_EX_23ccmp_LPAREN_e_RPAREN_
Unmodifiable transport/import/export reaction: R_EX_pydx_LPAREN_e_RPAREN_
Unmodifiable transport/import/export reaction: R_EX_for_LPAREN_e_RPAREN_
Unmodifiable transport/import/export reaction: R_CO2tpp
Unmodifiable transport/import/export reaction: R_3AMPtex
WARNING: 2 duplicate reactions found: R_NTP1 and R_ATPM

Unmodifiable transport/import/export reaction: R_HDCEAtexi
Unmodifiable transport/import/export reaction: R_PG160abcpp
Unmodifiable transport/import/export reaction: R_VALt2rpp
Unmodifiable reaction: R_AMAOTr
Unmodifiable reaction: R_LPLIPAL2ATG120
Unmodifiable transport/import/export reaction: R_MALTHXtexi
Unmodifiable transport/import/export reaction: R_EX_LalaDglu_LPAREN_e_RPAREN_
Unmodifiable transport/import/export reaction: R_DM_4CRSOL
WARNING: 2 duplicate reactions found: R_GLCtexi and R_GLCtex

Unmodifiable transport/import/export reaction: R_GLCtexi
Unmodifiable transport/import/export reaction: R_FEENTERtpp
Unmodifiable transport/import/export reaction: R_ARBTNabcpp
Unmodifiable transport/import/export reaction: R_SUCptspp
Unmodifiable transport/import/export reaction: R_3HPPtpp
Unmodifiable transport/import/export reaction: R_GLCNtex
Unmodifiable reaction: R_CTECOAI6
Unmodifiable reaction: R_CTECOAI8
Unmodifiable reaction: R_CTECOAI7
Unmodifiable transport/import/export reaction: R_FE3DHBZStonex
Unmodifiable transport/import/export reaction: R_GLNtex
Unmodifiable transport/import/export reaction: R_PGP140abcpp
Unmodifiable reaction: R_AGPAT160
Unmodifiable reaction: R_AGPAT161
Unmodifiable transport/import/export reaction: R_LCTSt3ipp
Unmodifiable transport/import/export reaction: R_EX_acald_LPAREN_e_RPAREN_
Unmodifiable transport/import/export reaction: R_THD2pp
WARNING: 2 duplicate reactions found: R_THMDt2rpp and R_THMDt2pp

Unmodifiable transport/import/export reaction: R_THMDt2rpp
Unmodifiable transport/import/export reaction: R_BALAt2pp
Unmodifiable transport/import/export reaction: R_GLCt2pp
Unmodifiable transport/import/export reaction: R_FUSAtpp
Unmodifiable transport/import/export reaction: R_CYTBDpp
Unmodifiable reaction: R_CLPNS141pp
Unmodifiable transport/import/export reaction: R_G6Pt6_2pp
Unmodifiable transport/import/export reaction: R_EX_acgal_LPAREN_e_RPAREN_
Unmodifiable transport/import/export reaction: R_GLYtex
Unmodifiable transport/import/export reaction: R_EX_cys_DASH_D_LPAREN_e_RPAREN_
Unmodifiable transport/import/export reaction: R_EX_hom_DASH_L_LPAREN_e_RPAREN_
Unmodifiable transport/import/export reaction: R_ACSERtex
Unmodifiable transport/import/export reaction: R_23CGMPtex
Unmodifiable transport/import/export reaction: R_IDONt2rpp
Unmodifiable transport/import/export reaction: R_EX_23cump_LPAREN_e_RPAREN_
Unmodifiable transport/import/export reaction: R_2AGPG161tipp
Unmodifiable transport/import/export reaction: R_FUMtex
Unmodifiable transport/import/export reaction: R_PTRCabcpp
Unmodifiable transport/import/export reaction: R_LIPAabctex
Unmodifiable transport/import/export reaction: R_CBL1abcpp
Unmodifiable transport/import/export reaction: R_PHEMEabcpp
Unmodifiable transport/import/export reaction: R_EX_but_LPAREN_e_RPAREN_
Unmodifiable reaction: R_AGPAT180
Unmodifiable transport/import/export reaction: R_PSERtex
Unmodifiable reaction: R_AGPAT181
Unmodifiable transport/import/export reaction: R_GMPtex
Unmodifiable transport/import/export reaction: R_EX_cgly_LPAREN_e_RPAREN_
Unmodifiable transport/import/export reaction: R_DCYTt2pp
Unmodifiable transport/import/export reaction: R_EX_melib_LPAREN_e_RPAREN_
Unmodifiable transport/import/export reaction: R_FEENTERtex
Unmodifiable transport/import/export reaction: R_EX_gtp_LPAREN_e_RPAREN_
Unmodifiable transport/import/export reaction: R_EX_leu_DASH_L_LPAREN_e_RPAREN_
Unmodifiable transport/import/export reaction: R_NO3R1pp
Unmodifiable transport/import/export reaction: R_LCTStpp
Unmodifiable reaction: R_GTHRDHpp
Unmodifiable transport/import/export reaction: R_ZN2abcpp
Unmodifiable transport/import/export reaction: R_EX_LalaDgluMdap_LPAREN_e_RPAREN_
Unmodifiable transport/import/export reaction: R_XYLUtex
Unmodifiable transport/import/export reaction: R_EX_hdca_LPAREN_e_RPAREN_
Unmodifiable transport/import/export reaction: R_Ec_biomass_iJO1366_core_53p95M
Unmodifiable transport/import/export reaction: R_EX_udpg_LPAREN_e_RPAREN_
Unmodifiable transport/import/export reaction: R_MNLtex
Unmodifiable transport/import/export reaction: R_EX_ttdcea_LPAREN_e_RPAREN_
Unmodifiable transport/import/export reaction: R_EX_lac_DASH_D_LPAREN_e_RPAREN_
Unmodifiable transport/import/export reaction: R_EX_ala_DASH_L_LPAREN_e_RPAREN_
Unmodifiable transport/import/export reaction: R_EX_gsn_LPAREN_e_RPAREN_
Unmodifiable transport/import/export reaction: R_PYRtex
Unmodifiable transport/import/export reaction: R_EX_imp_LPAREN_e_RPAREN_
Unmodifiable transport/import/export reaction: R_ACt4pp
Unmodifiable transport/import/export reaction: R_3PEPTtex
Unmodifiable transport/import/export reaction: R_TMAtex
Unmodifiable transport/import/export reaction: R_EX_lys_DASH_L_LPAREN_e_RPAREN_
Unmodifiable transport/import/export reaction: R_SUCCt2_3pp
Unmodifiable transport/import/export reaction: R_PROabcpp
Unmodifiable transport/import/export reaction: R_ETHAtex
Unmodifiable transport/import/export reaction: R_MANGLYCptspp
Unmodifiable transport/import/export reaction: R_GLYCLTtex
Unmodifiable transport/import/export reaction: R_FE3DHBZSabcpp
Unmodifiable transport/import/export reaction: R_GALabcpp
Unmodifiable transport/import/export reaction: R_TTDCAtexi
Unmodifiable transport/import/export reaction: R_SLNTtex
Unmodifiable transport/import/export reaction: R_12DGR181tipp
Unmodifiable transport/import/export reaction: R_NI2uabcpp
Unmodifiable transport/import/export reaction: R_PPPNt2rpp
Unmodifiable transport/import/export reaction: R_EX_dgsn_LPAREN_e_RPAREN_
Unmodifiable transport/import/export reaction: R_MALTTTRtexi
Unmodifiable transport/import/export reaction: R_RFAMPtex
Unmodifiable transport/import/export reaction: R_CD2tpp
Unmodifiable transport/import/export reaction: R_GSNt2pp
Unmodifiable transport/import/export reaction: R_EX_ins_LPAREN_e_RPAREN_
Unmodifiable transport/import/export reaction: R_EX_colipap_LPAREN_e_RPAREN_
Unmodifiable reaction: R_TMDS
Unmodifiable transport/import/export reaction: R_2AGPG120tipp
Unmodifiable transport/import/export reaction: R_F6Pt6_2pp
Unmodifiable transport/import/export reaction: R_PNTOtex
Unmodifiable reaction: R_MMM
Unmodifiable transport/import/export reaction: R_SO4tex
Unmodifiable transport/import/export reaction: R_GLCURt2rpp
Unmodifiable transport/import/export reaction: R_FEOXAMabcpp
Unmodifiable transport/import/export reaction: R_EX_manglyc_LPAREN_e_RPAREN_
Unmodifiable transport/import/export reaction: R_MELIBt3ipp
Unmodifiable transport/import/export reaction: R_SPMDtex
WARNING: 2 duplicate reactions found: R_URIt2pp and R_URIt2rpp

Unmodifiable transport/import/export reaction: R_URIt2pp
Unmodifiable transport/import/export reaction: R_UDPACGALtex
Unmodifiable transport/import/export reaction: R_EX_fe3_LPAREN_e_RPAREN_
Unmodifiable reaction: R_NADTRHD
Unmodifiable transport/import/export reaction: R_K2L4Aabctex
Unmodifiable transport/import/export reaction: R_ACGALtex
Unmodifiable transport/import/export reaction: R_ECA4COLIPAabctex
Unmodifiable transport/import/export reaction: R_3HPPtex
Unmodifiable transport/import/export reaction: R_SULFACabcpp
Unmodifiable transport/import/export reaction: R_XTSNtex
Unmodifiable transport/import/export reaction: R_EX_gly_LPAREN_e_RPAREN_
Unmodifiable transport/import/export reaction: R_NO2t2rpp
Unmodifiable transport/import/export reaction: R_EX_3ump_LPAREN_e_RPAREN_
Unmodifiable transport/import/export reaction: R_LYXtex
Unmodifiable transport/import/export reaction: R_EX_ser_DASH_D_LPAREN_e_RPAREN_
Unmodifiable transport/import/export reaction: R_SUCCtex
Unmodifiable transport/import/export reaction: R_GLYt4pp
Unmodifiable transport/import/export reaction: R_PTRCORNt7pp
Unmodifiable transport/import/export reaction: R_PPAtex
Unmodifiable transport/import/export reaction: R_EX_glcur_LPAREN_e_RPAREN_
Unmodifiable transport/import/export reaction: R_EX_idon_DASH_L_LPAREN_e_RPAREN_
Unmodifiable transport/import/export reaction: R_AMPtex
Unmodifiable transport/import/export reaction: R_GUAt2pp
Unmodifiable transport/import/export reaction: R_ALAALAtex
Unmodifiable transport/import/export reaction: R_ASPabcpp
Unmodifiable transport/import/export reaction: R_CBItonex
Unmodifiable transport/import/export reaction: R_FACOAL180t2pp
Unmodifiable transport/import/export reaction: R_GLUabcpp
Unmodifiable transport/import/export reaction: R_CBIuabcpp
Unmodifiable transport/import/export reaction: R_EX_man6p_LPAREN_e_RPAREN_
Unmodifiable transport/import/export reaction: R_TRPt2rpp
Unmodifiable transport/import/export reaction: R_ARBTNtonex
Unmodifiable transport/import/export reaction: R_FEOXAMtonex
Unmodifiable reaction: R_REPHACCOAI
Unmodifiable transport/import/export reaction: R_EX_ttrcyc_LPAREN_e_RPAREN_
Unmodifiable transport/import/export reaction: R_O2Stex
Unmodifiable transport/import/export reaction: R_PA120abcpp
Unmodifiable transport/import/export reaction: R_EX_thrp_LPAREN_e_RPAREN_
Unmodifiable transport/import/export reaction: R_EX_so3_LPAREN_e_RPAREN_
Unmodifiable transport/import/export reaction: R_AGM3Pt2pp
Unmodifiable transport/import/export reaction: R_NAt3_2pp
Unmodifiable transport/import/export reaction: R_ACGAM1Ptex
Unmodifiable reaction: R_TYRPpp
Unmodifiable reaction: R_CLPNS181pp
Unmodifiable transport/import/export reaction: R_CU2tpp
Unmodifiable transport/import/export reaction: R_EX_dimp_LPAREN_e_RPAREN_
Unmodifiable transport/import/export reaction: R_THMtex
Unmodifiable transport/import/export reaction: R_EX_urea_LPAREN_e_RPAREN_
Unmodifiable transport/import/export reaction: R_DCAtex
Unmodifiable transport/import/export reaction: R_3UMPtex
Unmodifiable transport/import/export reaction: R_TYMtex
Unmodifiable transport/import/export reaction: R_GLCUR1Ptex
Unmodifiable transport/import/export reaction: R_OCTAtex
Unmodifiable transport/import/export reaction: R_EX_thymd_LPAREN_e_RPAREN_
Unmodifiable transport/import/export reaction: R_MALtex
Unmodifiable transport/import/export reaction: R_FE2abcpp
Unmodifiable transport/import/export reaction: R_MSO3tex
Unmodifiable transport/import/export reaction: R_MN2tpp
Unmodifiable transport/import/export reaction: R_EX_glyc_LPAREN_e_RPAREN_
Unmodifiable transport/import/export reaction: R_G3PIabcpp
Unmodifiable transport/import/export reaction: R_EX_tcynt_LPAREN_e_RPAREN_
Unmodifiable transport/import/export reaction: R_PA140abcpp
Unmodifiable transport/import/export reaction: R_EX_fuc_DASH_L_LPAREN_e_RPAREN_
Unmodifiable transport/import/export reaction: R_EX_4hoxpacd_LPAREN_e_RPAREN_
Unmodifiable transport/import/export reaction: R_EX_asn_DASH_L_LPAREN_e_RPAREN_
Unmodifiable transport/import/export reaction: R_EX_halipa_LPAREN_e_RPAREN_
Unmodifiable transport/import/export reaction: R_ASO3tex
Unmodifiable transport/import/export reaction: R_PPPNtex
Unmodifiable reaction: R_DHPTDCs2
Unmodifiable reaction: R_DHORD5
Unmodifiable transport/import/export reaction: R_FE3DCITabcpp
Unmodifiable reaction: R_SELGTHR3
Unmodifiable transport/import/export reaction: R_EX_rmn_LPAREN_e_RPAREN_
Unmodifiable transport/import/export reaction: R_CTBTabcpp
Unmodifiable reaction: R_DHORD2
Unmodifiable reaction: R_ARBTNexs
Unmodifiable transport/import/export reaction: R_MOBDtex
Unmodifiable transport/import/export reaction: R_FDH5pp
Unmodifiable transport/import/export reaction: R_GLCNt2rpp
Unmodifiable transport/import/export reaction: R_GALURtex
Unmodifiable reaction: R_FE3DHBZR
Unmodifiable transport/import/export reaction: R_PA160abcpp
Unmodifiable transport/import/export reaction: R_3GMPtex
Unmodifiable transport/import/export reaction: R_EX_tartr_DASH_L_LPAREN_e_RPAREN_
Unmodifiable transport/import/export reaction: R_EX_udpgal_LPAREN_e_RPAREN_
Unmodifiable transport/import/export reaction: R_PYDXtpp
WARNING: 2 duplicate reactions found: R_ADNt2rpp and R_ADNt2pp

Unmodifiable transport/import/export reaction: R_ADNt2rpp
Unmodifiable transport/import/export reaction: R_GBBTNtex
Unmodifiable transport/import/export reaction: R_EX_acmum_LPAREN_e_RPAREN_
Unmodifiable transport/import/export reaction: R_TUNGStex
Unmodifiable transport/import/export reaction: R_GALTptspp
Unmodifiable reaction: R_AIRC3
Unmodifiable transport/import/export reaction: R_CLtex
Unmodifiable transport/import/export reaction: R_EX_xmp_LPAREN_e_RPAREN_
Unmodifiable transport/import/export reaction: R_SERt2rpp
Unmodifiable transport/import/export reaction: R_EX_gal1p_LPAREN_e_RPAREN_
Unmodifiable transport/import/export reaction: R_EX_metsox_DASH_R_DASH_L_LPAREN_e_RPAREN_
Unmodifiable transport/import/export reaction: R_ARBabcpp
Unmodifiable transport/import/export reaction: R_ACALDtex
Unmodifiable transport/import/export reaction: R_EX_colipa_LPAREN_e_RPAREN_
Unmodifiable transport/import/export reaction: R_XTSNt2rpp
Unmodifiable transport/import/export reaction: R_EX_pnto_DASH_R_LPAREN_e_RPAREN_
Unmodifiable transport/import/export reaction: R_L_DASH_LACtex
Unmodifiable transport/import/export reaction: R_EX_spmd_LPAREN_e_RPAREN_
Unmodifiable transport/import/export reaction: R_PYDAMtpp
Unmodifiable transport/import/export reaction: R_TDSR2
Unmodifiable transport/import/export reaction: R_TDSR1
Unmodifiable transport/import/export reaction: R_GALTtex
Unmodifiable transport/import/export reaction: R_FUSAtex
Unmodifiable transport/import/export reaction: R_METtex
Unmodifiable transport/import/export reaction: R_EX_alaala_LPAREN_e_RPAREN_
Unmodifiable transport/import/export reaction: R_METSOX1abcpp
Unmodifiable transport/import/export reaction: R_METSOX2tex
Unmodifiable transport/import/export reaction: R_2AGPG180tipp
Unmodifiable transport/import/export reaction: R_EX_feoxam_LPAREN_e_RPAREN_
Unmodifiable transport/import/export reaction: R_FE3DCITtonex
Unmodifiable reaction: R_LPLIPAL2ATG180
Unmodifiable transport/import/export reaction: R_EX_acgal1p_LPAREN_e_RPAREN_
Unmodifiable transport/import/export reaction: R_GALCTtex
Unmodifiable transport/import/export reaction: R_4PEPTabcpp
Unmodifiable transport/import/export reaction: R_23CAMPtex
Unmodifiable transport/import/export reaction: R_EX_g3pi_LPAREN_e_RPAREN_
WARNING: 2 duplicate reactions found: R_GLYt2rpp and R_GLYt2pp

Unmodifiable transport/import/export reaction: R_GLYt2rpp
Unmodifiable transport/import/export reaction: R_GLYCLTt4pp
Unmodifiable transport/import/export reaction: R_EX_pacald_LPAREN_e_RPAREN_
Unmodifiable transport/import/export reaction: R_EX_maltttr_LPAREN_e_RPAREN_
Unmodifiable transport/import/export reaction: R_ARGAGMt7pp
Unmodifiable transport/import/export reaction: R_CHLabcpp
Unmodifiable transport/import/export reaction: R_CPGNabcpp
Unmodifiable transport/import/export reaction: R_Htex
Unmodifiable transport/import/export reaction: R_TARTt2_3pp
Unmodifiable transport/import/export reaction: R_EX_man_LPAREN_e_RPAREN_
Unmodifiable reaction: R_HPYRI
Unmodifiable transport/import/export reaction: R_HISabcpp
Unmodifiable transport/import/export reaction: R_RIBabcpp
Unmodifiable transport/import/export reaction: R_CO2tex
Unmodifiable transport/import/export reaction: R_EX_n2o_LPAREN_e_RPAREN_
Unmodifiable transport/import/export reaction: R_EX_fecrm_LPAREN_e_RPAREN_
Unmodifiable transport/import/export reaction: R_EX_LalaDgluMdapDala_LPAREN_e_RPAREN_
Unmodifiable transport/import/export reaction: R_ASNabcpp
Unmodifiable transport/import/export reaction: R_CPGNUtpp
Unmodifiable transport/import/export reaction: R_2AGPG140tipp
Unmodifiable transport/import/export reaction: R_PG180abcpp
Unmodifiable transport/import/export reaction: R_LEUtex
Unmodifiable transport/import/export reaction: R_5MTRtex
Unmodifiable transport/import/export reaction: R_FRULYStex
Unmodifiable transport/import/export reaction: R_GLCDpp
Unmodifiable transport/import/export reaction: R_GAMAN6Ptex
Unmodifiable transport/import/export reaction: R_MG2uabcpp
Unmodifiable transport/import/export reaction: R_ACMANAtex
Unmodifiable reaction: R_AM3PA
Unmodifiable transport/import/export reaction: R_PYDXNtex
Unmodifiable transport/import/export reaction: R_HCINNMtex
Unmodifiable transport/import/export reaction: R_VALtex
Unmodifiable transport/import/export reaction: R_CU2tex
Unmodifiable transport/import/export reaction: R_GLYC3Ptex
Unmodifiable transport/import/export reaction: R_TARTRDtex
Unmodifiable transport/import/export reaction: R_TARTRtex
Unmodifiable transport/import/export reaction: R_2AGPA160tipp
Unmodifiable transport/import/export reaction: R_EX_dgmp_LPAREN_e_RPAREN_
Unmodifiable transport/import/export reaction: R_EX_cd2_LPAREN_e_RPAREN_
Unmodifiable transport/import/export reaction: R_ARGt3pp
Unmodifiable transport/import/export reaction: R_FUMt2_3pp
Unmodifiable transport/import/export reaction: R_NADH16pp
Unmodifiable transport/import/export reaction: R_EX_2ddglcn_LPAREN_e_RPAREN_
Unmodifiable transport/import/export reaction: R_FALDtex
Unmodifiable transport/import/export reaction: R_EX_cu_LPAREN_e_RPAREN_
Unmodifiable transport/import/export reaction: R_EX_glcn_LPAREN_e_RPAREN_
Unmodifiable transport/import/export reaction: R_HDCAtexi
Unmodifiable transport/import/export reaction: R_EX_sulfac_LPAREN_e_RPAREN_
Unmodifiable transport/import/export reaction: R_GLCptspp
Unmodifiable transport/import/export reaction: R_MINOHPtexi
Unmodifiable transport/import/export reaction: R_TYRPtex
Unmodifiable transport/import/export reaction: R_PYDAMtex
Unmodifiable transport/import/export reaction: R_SUCCt2_2pp
Unmodifiable transport/import/export reaction: R_GDPtex
Unmodifiable transport/import/export reaction: R_EX_amp_LPAREN_e_RPAREN_
Unmodifiable transport/import/export reaction: R_12PPDStpp
Unmodifiable transport/import/export reaction: R_PA180abcpp
Unmodifiable transport/import/export reaction: R_EX_tym_LPAREN_e_RPAREN_
Unmodifiable transport/import/export reaction: R_EX_crn_DASH_D_LPAREN_e_RPAREN_
Unmodifiable transport/import/export reaction: R_GLYCtpp
Unmodifiable transport/import/export reaction: R_EX_3hpppn_LPAREN_e_RPAREN_
Unmodifiable transport/import/export reaction: R_EX_arg_DASH_L_LPAREN_e_RPAREN_
Unmodifiable transport/import/export reaction: R_LYSabcpp
Unmodifiable transport/import/export reaction: R_ORNabcpp
Unmodifiable transport/import/export reaction: R_HOMt2pp
Unmodifiable transport/import/export reaction: R_EX_pppn_LPAREN_e_RPAREN_
Unmodifiable transport/import/export reaction: R_THRtex
Unmodifiable transport/import/export reaction: R_EX_fruur_LPAREN_e_RPAREN_
Unmodifiable transport/import/export reaction: R_EX_din_LPAREN_e_RPAREN_
Unmodifiable transport/import/export reaction: R_FEENTERtonex
Unmodifiable transport/import/export reaction: R_NO3R2pp
Unmodifiable transport/import/export reaction: R_DAMPtex
Unmodifiable transport/import/export reaction: R_CYStpp
Unmodifiable transport/import/export reaction: R_EX_ura_LPAREN_e_RPAREN_
Unmodifiable transport/import/export reaction: R_EX_dtmp_LPAREN_e_RPAREN_
Unmodifiable transport/import/export reaction: R_FACOAL60t2pp
Unmodifiable transport/import/export reaction: R_CD2t3pp
Unmodifiable transport/import/export reaction: R_GLYBabcpp
Unmodifiable transport/import/export reaction: R_EX_mal_DASH_L_LPAREN_e_RPAREN_
Unmodifiable transport/import/export reaction: R_NOVBCNtpp
Unmodifiable transport/import/export reaction: R_SULFACtex
Unmodifiable reaction: R_CLPNS120pp
Unmodifiable reaction: R_FE3HOXexs
Unmodifiable transport/import/export reaction: R_TYRtex
Unmodifiable transport/import/export reaction: R_NOtex
Unmodifiable transport/import/export reaction: R_ASPt2_2pp
Unmodifiable transport/import/export reaction: R_EX_mg2_LPAREN_e_RPAREN_
Unmodifiable transport/import/export reaction: R_ABUTtex
Unmodifiable transport/import/export reaction: R_EX_btn_LPAREN_e_RPAREN_
Unmodifiable transport/import/export reaction: R_AGMtex
Unmodifiable transport/import/export reaction: R_DURItex
Unmodifiable transport/import/export reaction: R_EX_galctn_DASH_L_LPAREN_e_RPAREN_
Unmodifiable transport/import/export reaction: R_EX_fecrm_DASH_un_LPAREN_e_RPAREN_
Unmodifiable transport/import/export reaction: R_G3PCabcpp
Unmodifiable transport/import/export reaction: R_G3PCtex
Unmodifiable transport/import/export reaction: R_MALt2_3pp
Unmodifiable transport/import/export reaction: R_MINCYCtpp
Unmodifiable transport/import/export reaction: R_EX_xtsn_LPAREN_e_RPAREN_
Unmodifiable transport/import/export reaction: R_IMPtex
WARNING: 2 duplicate reactions found: R_URIt2rpp and R_URIt2pp

Unmodifiable transport/import/export reaction: R_URIt2rpp
Unmodifiable transport/import/export reaction: R_ACOLIPAabctex
Unmodifiable transport/import/export reaction: R_EX_eca4colipa_LPAREN_e_RPAREN_
Unmodifiable transport/import/export reaction: R_SUCMALtpp
Unmodifiable transport/import/export reaction: R_DDGLCNt2rpp
Unmodifiable transport/import/export reaction: R_GLYCtex
Unmodifiable transport/import/export reaction: R_AKGt2rpp
Unmodifiable transport/import/export reaction: R_EX_enlipa_LPAREN_e_RPAREN_
Unmodifiable transport/import/export reaction: R_FUCtex
Unmodifiable transport/import/export reaction: R_CRNDt2rpp
Unmodifiable transport/import/export reaction: R_F6Ptex
Unmodifiable transport/import/export reaction: R_FRUURt2rpp
Unmodifiable transport/import/export reaction: R_CYTDtex
Unmodifiable transport/import/export reaction: R_K2L4Aabcpp
Unmodifiable transport/import/export reaction: R_ILEt2rpp
Unmodifiable transport/import/export reaction: R_COBALT2t3pp
Unmodifiable transport/import/export reaction: R_MPTG2
Unmodifiable transport/import/export reaction: R_EX_gal_LPAREN_e_RPAREN_
Unmodifiable transport/import/export reaction: R_ALLtex
Unmodifiable transport/import/export reaction: R_CHTBSptspp
Unmodifiable transport/import/export reaction: R_EX_ppt_LPAREN_e_RPAREN_
WARNING: 2 duplicate reactions found: R_THMDt2pp and R_THMDt2rpp

Unmodifiable transport/import/export reaction: R_THMDt2pp
Unmodifiable transport/import/export reaction: R_EX_phe_DASH_L_LPAREN_e_RPAREN_
Unmodifiable transport/import/export reaction: R_EX_4abut_LPAREN_e_RPAREN_
Unmodifiable transport/import/export reaction: R_LYSt3pp
Unmodifiable transport/import/export reaction: R_NOVBCNtex
Unmodifiable transport/import/export reaction: R_EX_15dap_LPAREN_e_RPAREN_
Unmodifiable transport/import/export reaction: R_PYDXtex
Unmodifiable transport/import/export reaction: R_GUAtpp
Unmodifiable transport/import/export reaction: R_4PEPTtex
Unmodifiable reaction: R_PAPPT3
Unmodifiable transport/import/export reaction: R_EX_agm_LPAREN_e_RPAREN_
Unmodifiable transport/import/export reaction: R_NACtex
Unmodifiable transport/import/export reaction: R_EX_ddca_LPAREN_e_RPAREN_
Unmodifiable transport/import/export reaction: R_D_DASH_LACt2pp
Unmodifiable transport/import/export reaction: R_NO2tex
Unmodifiable transport/import/export reaction: R_2AGPE180tipp
WARNING: 2 duplicate reactions found: R_ADNt2pp and R_ADNt2rpp

Unmodifiable transport/import/export reaction: R_ADNt2pp
Unmodifiable transport/import/export reaction: R_EX_asp_DASH_L_LPAREN_e_RPAREN_
Unmodifiable transport/import/export reaction: R_EX_acmana_LPAREN_e_RPAREN_
Unmodifiable transport/import/export reaction: R_NOtpp
Unmodifiable transport/import/export reaction: R_ULA4Ntppi
Unmodifiable transport/import/export reaction: R_XYLtex
Unmodifiable transport/import/export reaction: R_EX_glu_DASH_L_LPAREN_e_RPAREN_
Unmodifiable reaction: R_GDMANE
Unmodifiable transport/import/export reaction: R_EX_tungs_LPAREN_e_RPAREN_
Unmodifiable transport/import/export reaction: R_EX_fe2_LPAREN_e_RPAREN_
Unmodifiable transport/import/export reaction: R_ALAtex
Unmodifiable transport/import/export reaction: R_SBTptspp
Unmodifiable transport/import/export reaction: R_12PPDStex
Unmodifiable transport/import/export reaction: R_EX_isetac_LPAREN_e_RPAREN_
Unmodifiable transport/import/export reaction: R_EX_adn_LPAREN_e_RPAREN_
Unmodifiable transport/import/export reaction: R_BUTt2rpp
Unmodifiable reaction: R_DHPTPE
Unmodifiable transport/import/export reaction: R_5MTRtpp
Unmodifiable reaction: R_DSBGGT
Unmodifiable transport/import/export reaction: R_PYDXNtpp
Unmodifiable transport/import/export reaction: R_UDPGtex
Unmodifiable transport/import/export reaction: R_PGP160abcpp
Unmodifiable transport/import/export reaction: R_ACALDtpp
Unmodifiable transport/import/export reaction: R_EX_ttdca_LPAREN_e_RPAREN_
Unmodifiable transport/import/export reaction: R_ASCBtex
Unmodifiable transport/import/export reaction: R_EX_glcur1p_LPAREN_e_RPAREN_
Unmodifiable transport/import/export reaction: R_EX_cbi_LPAREN_e_RPAREN_
Unmodifiable transport/import/export reaction: R_EX_gthox_LPAREN_e_RPAREN_
Unmodifiable transport/import/export reaction: R_12DGR160tipp
Unmodifiable transport/import/export reaction: R_CRNt7pp
Unmodifiable transport/import/export reaction: R_EX_nac_LPAREN_e_RPAREN_
Unmodifiable transport/import/export reaction: R_SERt4pp
Unmodifiable transport/import/export reaction: R_2AGPA140tipp
Unmodifiable transport/import/export reaction: R_CYStex
Unmodifiable transport/import/export reaction: R_ARBTptspp
Unmodifiable transport/import/export reaction: R_THMabcpp
Unmodifiable transport/import/export reaction: R_PSCLYStex
Unmodifiable transport/import/export reaction: R_EX_5dglcn_LPAREN_e_RPAREN_
Unmodifiable transport/import/export reaction: R_FACOAL141t2pp
Unmodifiable transport/import/export reaction: R_ADNtex
Unmodifiable transport/import/export reaction: R_EX_sel_LPAREN_e_RPAREN_
Unmodifiable transport/import/export reaction: R_EX_hxan_LPAREN_e_RPAREN_
Unmodifiable transport/import/export reaction: R_GALt2pp
Unmodifiable transport/import/export reaction: R_MALTtexi
Unmodifiable transport/import/export reaction: R_ETOHtrpp
Unmodifiable transport/import/export reaction: R_SO2tex
Unmodifiable transport/import/export reaction: R_EX_psclys_LPAREN_e_RPAREN_
Unmodifiable transport/import/export reaction: R_FACOAL80t2pp
Unmodifiable transport/import/export reaction: R_FORtppi
Unmodifiable transport/import/export reaction: R_3PEPTabcpp
Unmodifiable reaction: R_DHACOAH
Unmodifiable transport/import/export reaction: R_FECRMabcpp
Unmodifiable transport/import/export reaction: R_FRUURtex
Unmodifiable transport/import/export reaction: R_2AGPA180tipp
Unmodifiable transport/import/export reaction: R_EX_ppa_LPAREN_e_RPAREN_
Unmodifiable transport/import/export reaction: R_12DGR140tipp
Unmodifiable transport/import/export reaction: R_PE160abcpp
WARNING: 2 duplicate reactions found: R_ALAt2rpp and R_ALAt2pp

Unmodifiable transport/import/export reaction: R_ALAt2rpp
Unmodifiable transport/import/export reaction: R_THYMtex
Unmodifiable reaction: R_AAMYL
Unmodifiable transport/import/export reaction: R_EX_indole_LPAREN_e_RPAREN_
Unmodifiable reaction: R_FESR
Unmodifiable transport/import/export reaction: R_PGP180abcpp
Unmodifiable transport/import/export reaction: R_TTDCEAtexi
Unmodifiable transport/import/export reaction: R_DM_AMOB
Unmodifiable transport/import/export reaction: R_FE2tex
Unmodifiable transport/import/export reaction: R_EX_orot_LPAREN_e_RPAREN_
Unmodifiable transport/import/export reaction: R_MALTTRtexi
Unmodifiable transport/import/export reaction: R_ISETACtex
Unmodifiable transport/import/export reaction: R_EX_akg_LPAREN_e_RPAREN_
Unmodifiable transport/import/export reaction: R_EX_glyclt_LPAREN_e_RPAREN_
Unmodifiable transport/import/export reaction: R_EX_fald_LPAREN_e_RPAREN_
Unmodifiable reaction: R_ACOAD5f
Unmodifiable transport/import/export reaction: R_PG141abcpp
Unmodifiable reaction: R_AGPAT120
Unmodifiable transport/import/export reaction: R_ALLTNt2rpp
Unmodifiable transport/import/export reaction: R_CGLYtex
Unmodifiable transport/import/export reaction: R_2AGPE141tipp
Unmodifiable transport/import/export reaction: R_EX_fe3hox_LPAREN_e_RPAREN_
Unmodifiable transport/import/export reaction: R_EX_his_DASH_L_LPAREN_e_RPAREN_
Unmodifiable transport/import/export reaction: R_GALCTNLtex
Unmodifiable transport/import/export reaction: R_CD2tex
Unmodifiable transport/import/export reaction: R_CADVtpp
Unmodifiable transport/import/export reaction: R_INOSTt4pp
Unmodifiable transport/import/export reaction: R_EX_g3pg_LPAREN_e_RPAREN_
Unmodifiable transport/import/export reaction: R_LEUt2rpp
Unmodifiable transport/import/export reaction: R_FALDtpp
Unmodifiable reaction: R_ACOAD4f
Unmodifiable transport/import/export reaction: R_CYSDabcpp
Unmodifiable transport/import/export reaction: R_EX_gam_LPAREN_e_RPAREN_
Unmodifiable transport/import/export reaction: R_ARBTtex
Unmodifiable transport/import/export reaction: R_EX_glyc_DASH_R_LPAREN_e_RPAREN_
Unmodifiable transport/import/export reaction: R_THRt2pp
Unmodifiable transport/import/export reaction: R_LCTStex
Unmodifiable transport/import/export reaction: R_EX_thr_DASH_L_LPAREN_e_RPAREN_
Unmodifiable transport/import/export reaction: R_CYSabcpp
Unmodifiable transport/import/export reaction: R_EX_5mtr_LPAREN_e_RPAREN_
Unmodifiable reaction: R_DSBCGT
Unmodifiable transport/import/export reaction: R_EX_fusa_LPAREN_e_RPAREN_
Unmodifiable transport/import/export reaction: R_GALBDtex
Unmodifiable transport/import/export reaction: R_2AGPG160tipp
Unmodifiable reaction: R_AGPAT140
Unmodifiable reaction: R_AGPAT141
Unmodifiable transport/import/export reaction: R_DM_5DRIB
Unmodifiable transport/import/export reaction: R_EX_meoh_LPAREN_e_RPAREN_
Unmodifiable reaction: R_HEMEOS
Unmodifiable transport/import/export reaction: R_EX_ile_DASH_L_LPAREN_e_RPAREN_
Unmodifiable transport/import/export reaction: R_EX_mnl_LPAREN_e_RPAREN_
Unmodifiable transport/import/export reaction: R_ACNAMtex
WARNING: 2 duplicate reactions found: R_GLCtex and R_GLCtexi

Unmodifiable transport/import/export reaction: R_GLCtex
Unmodifiable transport/import/export reaction: R_EX_fru_LPAREN_e_RPAREN_
Unmodifiable transport/import/export reaction: R_CU1abcpp
Unmodifiable transport/import/export reaction: R_NMNt7pp
Unmodifiable transport/import/export reaction: R_MALTPTabcpp
Unmodifiable reaction: R_ACOAD1f
Unmodifiable reaction: R_THIORDXi
Unmodifiable transport/import/export reaction: R_THMDtex
Unmodifiable transport/import/export reaction: R_EX_g3ps_LPAREN_e_RPAREN_
Unmodifiable transport/import/export reaction: R_OCDCAtexi
Unmodifiable transport/import/export reaction: R_FEENTERabcpp
Unmodifiable transport/import/export reaction: R_NAtex
Unmodifiable transport/import/export reaction: R_FE3HOXUtex
Unmodifiable transport/import/export reaction: R_FE2tpp
Unmodifiable transport/import/export reaction: R_SUCTARTtpp
Unmodifiable transport/import/export reaction: R_CHLtex
Unmodifiable transport/import/export reaction: R_EX_met_DASH_D_LPAREN_e_RPAREN_
Unmodifiable reaction: R_OPMEACPD
Unmodifiable transport/import/export reaction: R_EX_cpgn_DASH_un_LPAREN_e_RPAREN_
Unmodifiable transport/import/export reaction: R_EX_no2_LPAREN_e_RPAREN_
Unmodifiable transport/import/export reaction: R_EX_dmso_LPAREN_e_RPAREN_
Unmodifiable reaction: R_GLUR
Unmodifiable reaction: R_ACOAD3f
Unmodifiable transport/import/export reaction: R_NACtpp
Unmodifiable transport/import/export reaction: R_ILEabcpp
Unmodifiable transport/import/export reaction: R_EX_trp_DASH_L_LPAREN_e_RPAREN_
WARNING: 2 duplicate reactions found: R_INSt2rpp and R_INSt2pp

Unmodifiable transport/import/export reaction: R_INSt2rpp
Unmodifiable transport/import/export reaction: R_23DAPPAtex
Unmodifiable reaction: R_ACOAD2f
Unmodifiable transport/import/export reaction: R_H2St1pp
Unmodifiable transport/import/export reaction: R_G3PGtex
Unmodifiable transport/import/export reaction: R_CPGNUtex
Unmodifiable transport/import/export reaction: R_GLCRtex
Unmodifiable transport/import/export reaction: R_EX_lcts_LPAREN_e_RPAREN_
Unmodifiable transport/import/export reaction: R_FRULYSt2pp
Unmodifiable transport/import/export reaction: R_EX_3cmp_LPAREN_e_RPAREN_
Unmodifiable transport/import/export reaction: R_PROt2rpp
WARNING: 2 duplicate reactions found: R_INDOLEt2rpp and R_INDOLEt2pp

Unmodifiable transport/import/export reaction: R_INDOLEt2rpp
Unmodifiable transport/import/export reaction: R_PROt4pp
Unmodifiable transport/import/export reaction: R_DGSNt2pp
Unmodifiable transport/import/export reaction: R_EX_mso3_LPAREN_e_RPAREN_
Unmodifiable transport/import/export reaction: R_EX_tma_LPAREN_e_RPAREN_
Unmodifiable transport/import/export reaction: R_MMETt2pp
Unmodifiable transport/import/export reaction: R_EX_fum_LPAREN_e_RPAREN_
Unmodifiable transport/import/export reaction: R_G3PGabcpp
Unmodifiable transport/import/export reaction: R_GLUtex
Unmodifiable transport/import/export reaction: R_MALTptspp
Unmodifiable transport/import/export reaction: R_CLIPAabctex
WARNING: 2 duplicate reactions found: R_URAt2pp and R_URAt2rpp

Unmodifiable transport/import/export reaction: R_URAt2pp
Unmodifiable transport/import/export reaction: R_NI2tex
Unmodifiable transport/import/export reaction: R_PROtex
Unmodifiable transport/import/export reaction: R_5DGLCNt2rpp
Unmodifiable transport/import/export reaction: R_PYRt2rpp
Unmodifiable reaction: R_T2DECAI
Unmodifiable transport/import/export reaction: R_DMSOR1pp
Unmodifiable reaction: R_PDXPP
Unmodifiable transport/import/export reaction: R_MEOHtex
Unmodifiable transport/import/export reaction: R_MG2tpp
Unmodifiable transport/import/export reaction: R_FECRMtonex
Unmodifiable transport/import/export reaction: R_PE140abcpp
Unmodifiable reaction: R_FECRMexs
Unmodifiable transport/import/export reaction: R_EX_cobalt2_LPAREN_e_RPAREN_
Unmodifiable transport/import/export reaction: R_GLUABUTt7pp
Unmodifiable transport/import/export reaction: R_ASNtex
Unmodifiable reaction: R_ALAGLUE
Unmodifiable transport/import/export reaction: R_EX_glc_LPAREN_e_RPAREN_
Unmodifiable reaction: R_KDOCT2
Unmodifiable transport/import/export reaction: R_NH4tex
Unmodifiable reaction: R_3HAD121
Unmodifiable reaction: R_3HAD120
Unmodifiable transport/import/export reaction: R_COBALT2tpp
Unmodifiable transport/import/export reaction: R_OROTt2_2pp
Unmodifiable transport/import/export reaction: R_MN2t3pp
Unmodifiable transport/import/export reaction: R_BTNtex
Unmodifiable transport/import/export reaction: R_NI2tpp
Unmodifiable reaction: R_FRULYSE
Unmodifiable transport/import/export reaction: R_EX_so4_LPAREN_e_RPAREN_
Unmodifiable transport/import/export reaction: R_EX_ala_DASH_B_LPAREN_e_RPAREN_
Unmodifiable transport/import/export reaction: R_PROGLYtex
Unmodifiable transport/import/export reaction: R_HOMtex
Unmodifiable transport/import/export reaction: R_EX_etoh_LPAREN_e_RPAREN_
Unmodifiable transport/import/export reaction: R_EX_cm_LPAREN_e_RPAREN_
Unmodifiable reaction: R_MCOATA
Unmodifiable transport/import/export reaction: R_EX_rfamp_LPAREN_e_RPAREN_
Unmodifiable transport/import/export reaction: R_UDCPPtppi
Unmodifiable transport/import/export reaction: R_EX_cyan_LPAREN_e_RPAREN_
Unmodifiable transport/import/export reaction: R_MSO3abcpp
Unmodifiable transport/import/export reaction: R_EX_uri_LPAREN_e_RPAREN_
Unmodifiable transport/import/export reaction: R_ALLTNtex
Unmodifiable reaction: R_3HAD100
Unmodifiable transport/import/export reaction: R_PSCLYSt2pp
Unmodifiable transport/import/export reaction: R_ZN2tpp
Unmodifiable transport/import/export reaction: R_2AGPA120tipp
Unmodifiable transport/import/export reaction: R_FE3HOXUtpp
Unmodifiable transport/import/export reaction: R_EX_ac_LPAREN_e_RPAREN_
Unmodifiable transport/import/export reaction: R_EX_anhgm_LPAREN_e_RPAREN_
Unmodifiable transport/import/export reaction: R_DADNtex
Unmodifiable transport/import/export reaction: R_UREAtex
Unmodifiable transport/import/export reaction: R_PHEtex
Unmodifiable reaction: R_PTAr
Unmodifiable transport/import/export reaction: R_ACGAtex
Unmodifiable transport/import/export reaction: R_DMStex
Unmodifiable transport/import/export reaction: R_DMSOtpp
Unmodifiable transport/import/export reaction: R_MNtex
Unmodifiable transport/import/export reaction: R_AKGtex
Unmodifiable transport/import/export reaction: R_CSNtex
Unmodifiable transport/import/export reaction: R_LIPOtex
Unmodifiable transport/import/export reaction: R_GLYC2Pabcpp
Unmodifiable transport/import/export reaction: R_COLIPAabctex
Unmodifiable reaction: R_DMATT
Unmodifiable transport/import/export reaction: R_LALADGLUtex
Unmodifiable transport/import/export reaction: R_GLYC3Pt6pp
Unmodifiable transport/import/export reaction: R_EX_malthx_LPAREN_e_RPAREN_
Unmodifiable transport/import/export reaction: R_EX_aso3_LPAREN_e_RPAREN_
Unmodifiable transport/import/export reaction: R_ARGORNt7pp
Unmodifiable transport/import/export reaction: R_EX_fe3dhbzs_LPAREN_e_RPAREN_
Unmodifiable transport/import/export reaction: R_GLYCAtex
Unmodifiable transport/import/export reaction: R_EX_mal_DASH_D_LPAREN_e_RPAREN_
Unmodifiable transport/import/export reaction: R_EX_tartr_DASH_D_LPAREN_e_RPAREN_
Unmodifiable transport/import/export reaction: R_12DGR120tipp
Unmodifiable reaction: R_HISTP
Unmodifiable transport/import/export reaction: R_TYRt2rpp
Unmodifiable transport/import/export reaction: R_CUt3
Unmodifiable transport/import/export reaction: R_H2Otex
Unmodifiable transport/import/export reaction: R_2AGPE161tipp
Unmodifiable transport/import/export reaction: R_HYD3pp
Unmodifiable transport/import/export reaction: R_LYStex
Unmodifiable transport/import/export reaction: R_OROTtex
Unmodifiable transport/import/export reaction: R_12PPDRtpp
Unmodifiable transport/import/export reaction: R_METDabcpp
Unmodifiable transport/import/export reaction: R_ATPS4rpp
Unmodifiable transport/import/export reaction: R_PIt2rpp
Unmodifiable transport/import/export reaction: R_HEXt2rpp
Unmodifiable transport/import/export reaction: R_PACALDt2rpp
Unmodifiable transport/import/export reaction: R_EX_no3_LPAREN_e_RPAREN_
Unmodifiable transport/import/export reaction: R_EX_pheme_LPAREN_e_RPAREN_
Unmodifiable transport/import/export reaction: R_XANt2pp
Unmodifiable transport/import/export reaction: R_EX_nmn_LPAREN_e_RPAREN_
Unmodifiable transport/import/export reaction: R_ACt2rpp
Unmodifiable transport/import/export reaction: R_EX_dha_LPAREN_e_RPAREN_
Unmodifiable transport/import/export reaction: R_FORtex
Unmodifiable transport/import/export reaction: R_EX_mn2_LPAREN_e_RPAREN_
Unmodifiable transport/import/export reaction: R_COLIPAPabctex
Unmodifiable transport/import/export reaction: R_CHTBStex
Unmodifiable reaction: R_TDPDRE
Unmodifiable transport/import/export reaction: R_FACOAL160t2pp
Unmodifiable transport/import/export reaction: R_EX_duri_LPAREN_e_RPAREN_
Unmodifiable transport/import/export reaction: R_PItex
Unmodifiable transport/import/export reaction: R_DOPAtex
Unmodifiable transport/import/export reaction: R_CU2abcpp
Unmodifiable transport/import/export reaction: R_HG2abcpp
Unmodifiable transport/import/export reaction: R_ARBTNtex
Unmodifiable transport/import/export reaction: R_H2O2tex
Unmodifiable transport/import/export reaction: R_EX_feenter_LPAREN_e_RPAREN_
Unmodifiable transport/import/export reaction: R_ACtex
Unmodifiable transport/import/export reaction: R_MNt2pp
Unmodifiable transport/import/export reaction: R_FEOXAMUtpp
Unmodifiable transport/import/export reaction: R_34dhpactex
Unmodifiable transport/import/export reaction: R_ETOHtex
Unmodifiable transport/import/export reaction: R_MG2tex
Unmodifiable transport/import/export reaction: R_PA141abcpp
Unmodifiable transport/import/export reaction: R_UREAtpp
Unmodifiable transport/import/export reaction: R_TMAOR2pp
Unmodifiable transport/import/export reaction: R_EX_dcmp_LPAREN_e_RPAREN_
Unmodifiable transport/import/export reaction: R_EX_gal_DASH_bD_LPAREN_e_RPAREN_
Unmodifiable transport/import/export reaction: R_CA2tex
Unmodifiable transport/import/export reaction: R_XYLabcpp
Unmodifiable transport/import/export reaction: R_ARBt2rpp
Unmodifiable transport/import/export reaction: R_EX_gthrd_LPAREN_e_RPAREN_
Unmodifiable transport/import/export reaction: R_EX_g1p_LPAREN_e_RPAREN_
Unmodifiable transport/import/export reaction: R_EX_gln_DASH_L_LPAREN_e_RPAREN_
Unmodifiable transport/import/export reaction: R_EX_pydxn_LPAREN_e_RPAREN_
Unmodifiable reaction: R_3HAD181
Unmodifiable transport/import/export reaction: R_NAt3pp
Unmodifiable reaction: R_3HAD180
Unmodifiable transport/import/export reaction: R_PE161abcpp
Unmodifiable transport/import/export reaction: R_SO2tpp
Unmodifiable transport/import/export reaction: R_GAMtex
Unmodifiable transport/import/export reaction: R_SERtex
Unmodifiable transport/import/export reaction: R_MALDtex
Unmodifiable reaction: R_AGMT
Unmodifiable transport/import/export reaction: R_FE3HOXtonex
Unmodifiable transport/import/export reaction: R_CYANtex
Unmodifiable transport/import/export reaction: R_GLCabcpp
Unmodifiable transport/import/export reaction: R_EX_cmp_LPAREN_e_RPAREN_
Unmodifiable transport/import/export reaction: R_EX_co2_LPAREN_e_RPAREN_
Unmodifiable reaction: R_GLBRAN2
Unmodifiable transport/import/export reaction: R_Kt2pp
Unmodifiable transport/import/export reaction: R_MALTTTRabcpp
Unmodifiable transport/import/export reaction: R_EX_g3pe_LPAREN_e_RPAREN_
Unmodifiable transport/import/export reaction: R_CYTBO3_4pp
Unmodifiable transport/import/export reaction: R_DTMPtex
Unmodifiable transport/import/export reaction: R_EX_rib_DASH_D_LPAREN_e_RPAREN_
Unmodifiable transport/import/export reaction: R_EX_o16a4colipa_LPAREN_e_RPAREN_
Unmodifiable transport/import/export reaction: R_FE2t2pp
Unmodifiable transport/import/export reaction: R_R5Ptex
Unmodifiable reaction: R_UPLA4FNT
Unmodifiable reaction: R_3HAD161
Unmodifiable transport/import/export reaction: R_EX_csn_LPAREN_e_RPAREN_
Unmodifiable reaction: R_3HAD160
Unmodifiable transport/import/export reaction: R_EX_cbl1_LPAREN_e_RPAREN_
Unmodifiable transport/import/export reaction: R_GALCTNtex
Unmodifiable transport/import/export reaction: R_ISETACabcpp
Unmodifiable reaction: R_UPLA4FNF
Unmodifiable transport/import/export reaction: R_ACMUMptspp
Unmodifiable transport/import/export reaction: R_TTRCYCtpp
Unmodifiable transport/import/export reaction: R_ALAt4pp
Unmodifiable transport/import/export reaction: R_BTNt2ipp
Unmodifiable transport/import/export reaction: R_EX_lipoate_LPAREN_e_RPAREN_
Unmodifiable reaction: R_PTA2
Unmodifiable transport/import/export reaction: R_AGMt2pp
Unmodifiable transport/import/export reaction: R_MG2t3_2pp
Unmodifiable transport/import/export reaction: R_THYMt3pp
Unmodifiable transport/import/export reaction: R_EX_met_DASH_L_LPAREN_e_RPAREN_
Unmodifiable transport/import/export reaction: R_CRNt8pp
Unmodifiable transport/import/export reaction: R_G1Ptex
Unmodifiable reaction: R_3HAD141
Unmodifiable transport/import/export reaction: R_MALt2_2pp
Unmodifiable transport/import/export reaction: R_MALt3pp
Unmodifiable reaction: R_3HAD140
Unmodifiable transport/import/export reaction: R_DCMPtex
Unmodifiable transport/import/export reaction: R_LALADGLUtpp
Unmodifiable transport/import/export reaction: R_THRPtex
Unmodifiable transport/import/export reaction: R_DURIt2pp
Unmodifiable transport/import/export reaction: R_EX_nh4_LPAREN_e_RPAREN_
Unmodifiable transport/import/export reaction: R_SKMt2pp
Unmodifiable transport/import/export reaction: R_EX_h_LPAREN_e_RPAREN_
Unmodifiable transport/import/export reaction: R_DMSOtex
Unmodifiable transport/import/export reaction: R_EX_ade_LPAREN_e_RPAREN_
Unmodifiable reaction: R_GTHPi
Unmodifiable transport/import/export reaction: R_PHEMEtiex
Unmodifiable transport/import/export reaction: R_UDPGLCURtex
Unmodifiable transport/import/export reaction: R_FE3HOXabcpp
Unmodifiable transport/import/export reaction: R_MELIBt2pp
Unmodifiable transport/import/export reaction: R_GLYBt2pp
Unmodifiable transport/import/export reaction: R_EX_k_LPAREN_e_RPAREN_
Unmodifiable transport/import/export reaction: R_CTBTt2rpp
Unmodifiable transport/import/export reaction: R_CRNabcpp
Unmodifiable reaction: R_MTHFD
Unmodifiable transport/import/export reaction: R_TREptspp
Unmodifiable transport/import/export reaction: R_NO3tex
Unmodifiable transport/import/export reaction: R_FE3tex
Unmodifiable transport/import/export reaction: R_HISt2rpp
Unmodifiable transport/import/export reaction: R_EX_sucr_LPAREN_e_RPAREN_
Unmodifiable transport/import/export reaction: R_GLUt2rpp
WARNING: 2 duplicate reactions found: R_ASPt2rpp and R_ASPt2pp

Unmodifiable transport/import/export reaction: R_ASPt2rpp
Unmodifiable transport/import/export reaction: R_12PPDRtex
WARNING: 2 duplicate reactions found: R_INDOLEt2pp and R_INDOLEt2rpp

Unmodifiable transport/import/export reaction: R_INDOLEt2pp
Unmodifiable transport/import/export reaction: R_ALAALAabcpp
Unmodifiable transport/import/export reaction: R_HPPPNtex
Unmodifiable transport/import/export reaction: R_DDGLCNtex
Unmodifiable transport/import/export reaction: R_EX_dump_LPAREN_e_RPAREN_
Unmodifiable transport/import/export reaction: R_H2Stex
Unmodifiable transport/import/export reaction: R_TREtex
Unmodifiable transport/import/export reaction: R_EX_cytd_LPAREN_e_RPAREN_
Unmodifiable transport/import/export reaction: R_ZNabcpp
Unmodifiable transport/import/export reaction: R_ARBTNtpp
Unmodifiable transport/import/export reaction: R_EX_galct_DASH_D_LPAREN_e_RPAREN_
Unmodifiable transport/import/export reaction: R_PA161abcpp
Unmodifiable transport/import/export reaction: R_12DGR180tipp
Unmodifiable transport/import/export reaction: R_SBTtex
Unmodifiable transport/import/export reaction: R_DINSt2pp
Unmodifiable transport/import/export reaction: R_SO3tex
Unmodifiable reaction: R_ACACT2r
Unmodifiable transport/import/export reaction: R_GTHRDabc2pp
Unmodifiable transport/import/export reaction: R_HCINNMt2rpp
Unmodifiable transport/import/export reaction: R_CITt7pp
Unmodifiable transport/import/export reaction: R_EX_glyc2p_LPAREN_e_RPAREN_
Unmodifiable transport/import/export reaction: R_H2Otpp
Unmodifiable transport/import/export reaction: R_TRPtex
Unmodifiable transport/import/export reaction: R_EX_ump_LPAREN_e_RPAREN_
Unmodifiable transport/import/export reaction: R_EX_gua_LPAREN_e_RPAREN_
Unmodifiable transport/import/export reaction: R_EX_thym_LPAREN_e_RPAREN_
Unmodifiable transport/import/export reaction: R_HXAtex
Unmodifiable transport/import/export reaction: R_EX_cynt_LPAREN_e_RPAREN_
Unmodifiable transport/import/export reaction: R_EX_lipa_LPAREN_e_RPAREN_
Unmodifiable transport/import/export reaction: R_ASO3t8pp
Unmodifiable transport/import/export reaction: R_SUCCt3pp
Unmodifiable transport/import/export reaction: R_HIStex
Unmodifiable transport/import/export reaction: R_FACOAL181t2pp
Unmodifiable transport/import/export reaction: R_GALURt2rpp
Unmodifiable transport/import/export reaction: R_EX_o2s_LPAREN_e_RPAREN_
Unmodifiable reaction: R_HMBS
Unmodifiable transport/import/export reaction: R_LIPAabcpp
Unmodifiable transport/import/export reaction: R_EX_thm_LPAREN_e_RPAREN_
Unmodifiable transport/import/export reaction: R_HG2tex
Unmodifiable transport/import/export reaction: R_MINCYCtex
Unmodifiable transport/import/export reaction: R_14GLUCANtexi
Unmodifiable transport/import/export reaction: R_INStex
Unmodifiable transport/import/export reaction: R_GLCRt2rpp
Unmodifiable transport/import/export reaction: R_EX_23cgmp_LPAREN_e_RPAREN_
Unmodifiable transport/import/export reaction: R_ARBt3ipp
Unmodifiable transport/import/export reaction: R_DM_OXAM
Unmodifiable transport/import/export reaction: R_COBALT2abcpp
Unmodifiable transport/import/export reaction: R_SPMDt3pp
Unmodifiable transport/import/export reaction: R_AGM4Pt2pp
Unmodifiable transport/import/export reaction: R_FRUptspp
Unmodifiable transport/import/export reaction: R_NH4tpp
Unmodifiable transport/import/export reaction: R_EX_h2s_LPAREN_e_RPAREN_
Unmodifiable transport/import/export reaction: R_MANGLYCtex
Unmodifiable transport/import/export reaction: R_EX_taur_LPAREN_e_RPAREN_
WARNING: 2 duplicate reactions found: R_GLYt2pp and R_GLYt2rpp

Unmodifiable transport/import/export reaction: R_GLYt2pp
Unmodifiable transport/import/export reaction: R_LEUabcpp
Unmodifiable transport/import/export reaction: R_PPALtpp
Unmodifiable transport/import/export reaction: R_PACALDtex
Unmodifiable transport/import/export reaction: R_ABUTt2pp
Unmodifiable transport/import/export reaction: R_G3PStex
Unmodifiable transport/import/export reaction: R_ALLabcpp
Unmodifiable transport/import/export reaction: R_EX_cu2_LPAREN_e_RPAREN_
Unmodifiable transport/import/export reaction: R_EX_mmet_LPAREN_e_RPAREN_
Unmodifiable reaction: R_NADPPPS
Unmodifiable transport/import/export reaction: R_PE181abcpp
Unmodifiable transport/import/export reaction: R_EX_glyc3p_LPAREN_e_RPAREN_
Unmodifiable transport/import/export reaction: R_EX_quin_LPAREN_e_RPAREN_
Unmodifiable transport/import/export reaction: R_EX_3amp_LPAREN_e_RPAREN_
Unmodifiable transport/import/export reaction: R_5DGLCNtex
Unmodifiable transport/import/export reaction: R_TCYNTtex
Unmodifiable reaction: R_FEOXAMexs
Unmodifiable transport/import/export reaction: R_DHAtpp
Unmodifiable reaction: R_IPDDI
Unmodifiable transport/import/export reaction: R_EX_udpglcur_LPAREN_e_RPAREN_
Unmodifiable transport/import/export reaction: R_2AGPG181tipp
Unmodifiable transport/import/export reaction: R_DALAt2pp
Unmodifiable transport/import/export reaction: R_23DAPPAt2pp
Unmodifiable transport/import/export reaction: R_GAMptspp
Unmodifiable transport/import/export reaction: R_GALCTNLt2pp
Unmodifiable transport/import/export reaction: R_EX_23dappa_LPAREN_e_RPAREN_
Unmodifiable transport/import/export reaction: R_ASCBptspp
Unmodifiable transport/import/export reaction: R_EX_14glucan_LPAREN_e_RPAREN_
Unmodifiable transport/import/export reaction: R_GUAtex
Unmodifiable transport/import/export reaction: R_EX_gdp_LPAREN_e_RPAREN_
Unmodifiable reaction: R_AAMYLpp
Unmodifiable transport/import/export reaction: R_PNTOt4pp
Unmodifiable transport/import/export reaction: R_MALDt2_2pp
Unmodifiable transport/import/export reaction: R_3CMPtex
Unmodifiable transport/import/export reaction: R_CITtex
Unmodifiable reaction: R_PSCVT
Unmodifiable transport/import/export reaction: R_CITt3pp
Unmodifiable reaction: R_PGM
Unmodifiable transport/import/export reaction: R_EX_val_DASH_L_LPAREN_e_RPAREN_
Unmodifiable transport/import/export reaction: R_EX_o2_LPAREN_e_RPAREN_
Unmodifiable transport/import/export reaction: R_NO3R1bpp
Unmodifiable transport/import/export reaction: R_EX_hdcea_LPAREN_e_RPAREN_
Unmodifiable transport/import/export reaction: R_EX_galctn_DASH_D_LPAREN_e_RPAREN_
Unmodifiable transport/import/export reaction: R_EX_cit_LPAREN_e_RPAREN_
Unmodifiable transport/import/export reaction: R_LYXt2pp
Unmodifiable transport/import/export reaction: R_HYD2pp
Unmodifiable transport/import/export reaction: R_EX_arbt_LPAREN_e_RPAREN_
Unmodifiable transport/import/export reaction: R_EX_acgam_LPAREN_e_RPAREN_
Unmodifiable transport/import/export reaction: R_PTRCtex
Unmodifiable transport/import/export reaction: R_DMSOR2pp
Unmodifiable transport/import/export reaction: R_D_DASH_LACtex
Unmodifiable transport/import/export reaction: R_GLNabcpp
Unmodifiable transport/import/export reaction: R_GLYC2Ptex
Unmodifiable transport/import/export reaction: R_MEOHtrpp
Unmodifiable transport/import/export reaction: R_MANtex
Unmodifiable transport/import/export reaction: R_Ec_biomass_iJO1366_WT_53p95M
Unmodifiable transport/import/export reaction: R_EX_lyx_DASH_L_LPAREN_e_RPAREN_
Unmodifiable transport/import/export reaction: R_G3PEabcpp
Unmodifiable transport/import/export reaction: R_MALTTRabcpp
Unmodifiable transport/import/export reaction: R_MMETtex
Unmodifiable transport/import/export reaction: R_CRNDtex
Unmodifiable transport/import/export reaction: R_GLYCAt2rpp
Unmodifiable transport/import/export reaction: R_EX_uacgam_LPAREN_e_RPAREN_
Unmodifiable transport/import/export reaction: R_G3PSabcpp
Unmodifiable transport/import/export reaction: R_BUTtex
Unmodifiable transport/import/export reaction: R_EX_cys_DASH_L_LPAREN_e_RPAREN_
Unmodifiable transport/import/export reaction: R_NI2abcpp
Unmodifiable transport/import/export reaction: R_EX_g3pc_LPAREN_e_RPAREN_
Unmodifiable transport/import/export reaction: R_ACMUMtex
Unmodifiable transport/import/export reaction: R_NI2t3pp
Unmodifiable transport/import/export reaction: R_DIMPtex
Unmodifiable transport/import/export reaction: R_NTRIR4pp
Unmodifiable transport/import/export reaction: R_EX_ni2_LPAREN_e_RPAREN_
Unmodifiable transport/import/export reaction: R_HPPPNt2rpp
Unmodifiable transport/import/export reaction: R_EX_arab_DASH_L_LPAREN_e_RPAREN_
Unmodifiable transport/import/export reaction: R_EX_pi_LPAREN_e_RPAREN_
Unmodifiable transport/import/export reaction: R_DGSNtex
Unmodifiable transport/import/export reaction: R_Zn2tex
Unmodifiable transport/import/export reaction: R_MALTabcpp
Unmodifiable transport/import/export reaction: R_EX_xylu_DASH_L_LPAREN_e_RPAREN_
Unmodifiable transport/import/export reaction: R_ACACt2pp
Unmodifiable transport/import/export reaction: R_DADNt2pp
Unmodifiable transport/import/export reaction: R_EX_12ppd_DASH_S_LPAREN_e_RPAREN_
Unmodifiable transport/import/export reaction: R_TARTRt7pp
Unmodifiable transport/import/export reaction: R_EX_ptrc_LPAREN_e_RPAREN_
Unmodifiable transport/import/export reaction: R_DOXRBCNtex
Unmodifiable transport/import/export reaction: R_FEOXAMUtex
Unmodifiable reaction: R_O16AT
Unmodifiable transport/import/export reaction: R_EX_3hpp_LPAREN_e_RPAREN_
Unmodifiable transport/import/export reaction: R_EX_lac_DASH_L_LPAREN_e_RPAREN_
Unmodifiable transport/import/export reaction: R_NADH17pp
Unmodifiable transport/import/export reaction: R_EX_ala_DASH_D_LPAREN_e_RPAREN_
Unmodifiable transport/import/export reaction: R_CUtex
Unmodifiable transport/import/export reaction: R_FUCtpp
Unmodifiable transport/import/export reaction: R_ARBtex
121 unmodifiable reactions (4.6844754%)
Modified 1162 (44.9864% of randomized reactions), skipped 1110 times.
